myHadoop: Using HADOOP_HOME=/expanse/lustre/projects/uot187/fegaras/hadoop-3.2.2
myHadoop: Using MH_SCRATCH_DIR=/scratch/ksavaliya/job_21739421
myHadoop: Using JAVA_HOME=/cm/shared/apps/spack/cpu/opt/spack/linux-centos8-zen2/gcc-10.2.0/openjdk-11.0.2-ysua3xn34v6hnko3reiffhlg2r2q7fol
myHadoop: Generating Hadoop configuration in directory in /home/ksavaliya/expansecluster...
myHadoop: Backing up old config dir to /home/ksavaliya/expansecluster.27...
renamed '/home/ksavaliya/expansecluster' -> '/home/ksavaliya/expansecluster.27'
myHadoop: Designating exp-1-22 as master node (namenode, secondary namenode, and jobtracker)
myHadoop: The following nodes will be slaves (datanode, tasktracer):
exp-1-22
WARNING: /scratch/ksavaliya/job_21739421/pids does not exist. Creating.
WARNING: /scratch/ksavaliya/job_21739421/logs does not exist. Creating.
2023-04-17 18:20:46,902 INFO namenode.NameNode: STARTUP_MSG: 
/************************************************************
STARTUP_MSG: Starting NameNode
STARTUP_MSG:   host = exp-1-22/198.202.103.233
STARTUP_MSG:   args = [-format, -nonInteractive, -force]
STARTUP_MSG:   version = 3.2.2
STARTUP_MSG:   classpath = /home/ksavaliya/expansecluster:/expanse/lustre/projects/uot187/fegaras/hadoop-3.2.2/share/hadoop/common/lib/commons-math3-3.1.1.jar:/expanse/lustre/projects/uot187/fegaras/hadoop-3.2.2/share/hadoop/common/lib/asm-5.0.4.jar:/expanse/lustre/projects/uot187/fegaras/hadoop-3.2.2/share/hadoop/common/lib/jsch-0.1.55.jar:/expanse/lustre/projects/uot187/fegaras/hadoop-3.2.2/share/hadoop/common/lib/jcip-annotations-1.0-1.jar:/expanse/lustre/projects/uot187/fegaras/hadoop-3.2.2/share/hadoop/common/lib/commons-collections-3.2.2.jar:/expanse/lustre/projects/uot187/fegaras/hadoop-3.2.2/share/hadoop/common/lib/kerby-util-1.0.1.jar:/expanse/lustre/projects/uot187/fegaras/hadoop-3.2.2/share/hadoop/common/lib/animal-sniffer-annotations-1.17.jar:/expanse/lustre/projects/uot187/fegaras/hadoop-3.2.2/share/hadoop/common/lib/slf4j-log4j12-1.7.25.jar:/expanse/lustre/projects/uot187/fegaras/hadoop-3.2.2/share/hadoop/common/lib/jetty-server-9.4.20.v20190813.jar:/expanse/lustre/projects/uot187/fegaras/hadoop-3.2.2/share/hadoop/common/lib/jettison-1.1.jar:/expanse/lustre/projects/uot187/fegaras/hadoop-3.2.2/share/hadoop/common/lib/metrics-core-3.2.4.jar:/expanse/lustre/projects/uot187/fegaras/hadoop-3.2.2/share/hadoop/common/lib/kerb-core-1.0.1.jar:/expanse/lustre/projects/uot187/fegaras/hadoop-3.2.2/share/hadoop/common/lib/jetty-webapp-9.4.20.v20190813.jar:/expanse/lustre/projects/uot187/fegaras/hadoop-3.2.2/share/hadoop/common/lib/commons-net-3.6.jar:/expanse/lustre/projects/uot187/fegaras/hadoop-3.2.2/share/hadoop/common/lib/commons-io-2.5.jar:/expanse/lustre/projects/uot187/fegaras/hadoop-3.2.2/share/hadoop/common/lib/jsr305-3.0.2.jar:/expanse/lustre/projects/uot187/fegaras/hadoop-3.2.2/share/hadoop/common/lib/jackson-core-2.9.10.jar:/expanse/lustre/projects/uot187/fegaras/hadoop-3.2.2/share/hadoop/common/lib/httpclient-4.5.13.jar:/expanse/lustre/projects/uot187/fegaras/hadoop-3.2.2/share/hadoop/common/lib/error_prone_annotations-2.2.0.jar:/expanse/lustre/projects/uot187/fegaras/hadoop-3.2.2/share/hadoop/common/lib/commons-text-1.4.jar:/expanse/lustre/projects/uot187/fegaras/hadoop-3.2.2/share/hadoop/common/lib/jersey-core-1.19.jar:/expanse/lustre/projects/uot187/fegaras/hadoop-3.2.2/share/hadoop/common/lib/paranamer-2.3.jar:/expanse/lustre/projects/uot187/fegaras/hadoop-3.2.2/share/hadoop/common/lib/kerby-pkix-1.0.1.jar:/expanse/lustre/projects/uot187/fegaras/hadoop-3.2.2/share/hadoop/common/lib/jaxb-impl-2.2.3-1.jar:/expanse/lustre/projects/uot187/fegaras/hadoop-3.2.2/share/hadoop/common/lib/kerby-asn1-1.0.1.jar:/expanse/lustre/projects/uot187/fegaras/hadoop-3.2.2/share/hadoop/common/lib/curator-recipes-2.13.0.jar:/expanse/lustre/projects/uot187/fegaras/hadoop-3.2.2/share/hadoop/common/lib/jersey-server-1.19.jar:/expanse/lustre/projects/uot187/fegaras/hadoop-3.2.2/share/hadoop/common/lib/commons-beanutils-1.9.4.jar:/expanse/lustre/projects/uot187/fegaras/hadoop-3.2.2/share/hadoop/common/lib/hadoop-annotations-3.2.2.jar:/expanse/lustre/projects/uot187/fegaras/hadoop-3.2.2/share/hadoop/common/lib/curator-client-2.13.0.jar:/expanse/lustre/projects/uot187/fegaras/hadoop-3.2.2/share/hadoop/common/lib/jackson-core-asl-1.9.13.jar:/expanse/lustre/projects/uot187/fegaras/hadoop-3.2.2/share/hadoop/common/lib/guava-27.0-jre.jar:/expanse/lustre/projects/uot187/fegaras/hadoop-3.2.2/share/hadoop/common/lib/jackson-mapper-asl-1.9.13.jar:/expanse/lustre/projects/uot187/fegaras/hadoop-3.2.2/share/hadoop/common/lib/j2objc-annotations-1.1.jar:/expanse/lustre/projects/uot187/fegaras/hadoop-3.2.2/share/hadoop/common/lib/jul-to-slf4j-1.7.25.jar:/expanse/lustre/projects/uot187/fegaras/hadoop-3.2.2/share/hadoop/common/lib/zookeeper-3.4.13.jar:/expanse/lustre/projects/uot187/fegaras/hadoop-3.2.2/share/hadoop/common/lib/hadoop-auth-3.2.2.jar:/expanse/lustre/projects/uot187/fegaras/hadoop-3.2.2/share/hadoop/common/lib/protobuf-java-2.5.0.jar:/expanse/lustre/projects/uot187/fegaras/hadoop-3.2.2/share/hadoop/common/lib/gson-2.2.4.jar:/expanse/lustre/projects/uot187/fegaras/hadoop-3.2.2/share/hadoop/common/lib/jackson-databind-2.9.10.4.jar:/expanse/lustre/projects/uot187/fegaras/hadoop-3.2.2/share/hadoop/common/lib/stax2-api-3.1.4.jar:/expanse/lustre/projects/uot187/fegaras/hadoop-3.2.2/share/hadoop/common/lib/kerb-identity-1.0.1.jar:/expanse/lustre/projects/uot187/fegaras/hadoop-3.2.2/share/hadoop/common/lib/json-smart-2.3.jar:/expanse/lustre/projects/uot187/fegaras/hadoop-3.2.2/share/hadoop/common/lib/kerb-simplekdc-1.0.1.jar:/expanse/lustre/projects/uot187/fegaras/hadoop-3.2.2/share/hadoop/common/lib/commons-configuration2-2.1.1.jar:/expanse/lustre/projects/uot187/fegaras/hadoop-3.2.2/share/hadoop/common/lib/jaxb-api-2.2.11.jar:/expanse/lustre/projects/uot187/fegaras/hadoop-3.2.2/share/hadoop/common/lib/accessors-smart-1.2.jar:/expanse/lustre/projects/uot187/fegaras/hadoop-3.2.2/share/hadoop/common/lib/jersey-servlet-1.19.jar:/expanse/lustre/projects/uot187/fegaras/hadoop-3.2.2/share/hadoop/common/lib/jetty-servlet-9.4.20.v20190813.jar:/expanse/lustre/projects/uot187/fegaras/hadoop-3.2.2/share/hadoop/common/lib/curator-framework-2.13.0.jar:/expanse/lustre/projects/uot187/fegaras/hadoop-3.2.2/share/hadoop/common/lib/jackson-jaxrs-1.9.13.jar:/expanse/lustre/projects/uot187/fegaras/hadoop-3.2.2/share/hadoop/common/lib/commons-compress-1.19.jar:/expanse/lustre/projects/uot187/fegaras/hadoop-3.2.2/share/hadoop/common/lib/jackson-xc-1.9.13.jar:/expanse/lustre/projects/uot187/fegaras/hadoop-3.2.2/share/hadoop/common/lib/re2j-1.1.jar:/expanse/lustre/projects/uot187/fegaras/hadoop-3.2.2/share/hadoop/common/lib/woodstox-core-5.0.3.jar:/expanse/lustre/projects/uot187/fegaras/hadoop-3.2.2/share/hadoop/common/lib/jetty-io-9.4.20.v20190813.jar:/expanse/lustre/projects/uot187/fegaras/hadoop-3.2.2/share/hadoop/common/lib/kerb-admin-1.0.1.jar:/expanse/lustre/projects/uot187/fegaras/hadoop-3.2.2/share/hadoop/common/lib/jetty-util-9.4.20.v20190813.jar:/expanse/lustre/projects/uot187/fegaras/hadoop-3.2.2/share/hadoop/common/lib/commons-lang3-3.7.jar:/expanse/lustre/projects/uot187/fegaras/hadoop-3.2.2/share/hadoop/common/lib/htrace-core4-4.1.0-incubating.jar:/expanse/lustre/projects/uot187/fegaras/hadoop-3.2.2/share/hadoop/common/lib/checker-qual-2.5.2.jar:/expanse/lustre/projects/uot187/fegaras/hadoop-3.2.2/share/hadoop/common/lib/httpcore-4.4.13.jar:/expanse/lustre/projects/uot187/fegaras/hadoop-3.2.2/share/hadoop/common/lib/kerb-common-1.0.1.jar:/expanse/lustre/projects/uot187/fegaras/hadoop-3.2.2/share/hadoop/common/lib/jetty-security-9.4.20.v20190813.jar:/expanse/lustre/projects/uot187/fegaras/hadoop-3.2.2/share/hadoop/common/lib/nimbus-jose-jwt-7.9.jar:/expanse/lustre/projects/uot187/fegaras/hadoop-3.2.2/share/hadoop/common/lib/audience-annotations-0.5.0.jar:/expanse/lustre/projects/uot187/fegaras/hadoop-3.2.2/share/hadoop/common/lib/javax.servlet-api-3.1.0.jar:/expanse/lustre/projects/uot187/fegaras/hadoop-3.2.2/share/hadoop/common/lib/kerby-config-1.0.1.jar:/expanse/lustre/projects/uot187/fegaras/hadoop-3.2.2/share/hadoop/common/lib/jetty-xml-9.4.20.v20190813.jar:/expanse/lustre/projects/uot187/fegaras/hadoop-3.2.2/share/hadoop/common/lib/jackson-annotations-2.9.10.jar:/expanse/lustre/projects/uot187/fegaras/hadoop-3.2.2/share/hadoop/common/lib/jersey-json-1.19.jar:/expanse/lustre/projects/uot187/fegaras/hadoop-3.2.2/share/hadoop/common/lib/commons-codec-1.11.jar:/expanse/lustre/projects/uot187/fegaras/hadoop-3.2.2/share/hadoop/common/lib/javax.activation-api-1.2.0.jar:/expanse/lustre/projects/uot187/fegaras/hadoop-3.2.2/share/hadoop/common/lib/kerb-server-1.0.1.jar:/expanse/lustre/projects/uot187/fegaras/hadoop-3.2.2/share/hadoop/common/lib/dnsjava-2.1.7.jar:/expanse/lustre/projects/uot187/fegaras/hadoop-3.2.2/share/hadoop/common/lib/slf4j-api-1.7.25.jar:/expanse/lustre/projects/uot187/fegaras/hadoop-3.2.2/share/hadoop/common/lib/jsp-api-2.1.jar:/expanse/lustre/projects/uot187/fegaras/hadoop-3.2.2/share/hadoop/common/lib/kerb-crypto-1.0.1.jar:/expanse/lustre/projects/uot187/fegaras/hadoop-3.2.2/share/hadoop/common/lib/jsr311-api-1.1.1.jar:/expanse/lustre/projects/uot187/fegaras/hadoop-3.2.2/share/hadoop/common/lib/kerby-xdr-1.0.1.jar:/expanse/lustre/projects/uot187/fegaras/hadoop-3.2.2/share/hadoop/common/lib/jetty-http-9.4.20.v20190813.jar:/expanse/lustre/projects/uot187/fegaras/hadoop-3.2.2/share/hadoop/common/lib/kerb-util-1.0.1.jar:/expanse/lustre/projects/uot187/fegaras/hadoop-3.2.2/share/hadoop/common/lib/avro-1.7.7.jar:/expanse/lustre/projects/uot187/fegaras/hadoop-3.2.2/share/hadoop/common/lib/snappy-java-1.0.5.jar:/expanse/lustre/projects/uot187/fegaras/hadoop-3.2.2/share/hadoop/common/lib/netty-3.10.6.Final.jar:/expanse/lustre/projects/uot187/fegaras/hadoop-3.2.2/share/hadoop/common/lib/failureaccess-1.0.jar:/expanse/lustre/projects/uot187/fegaras/hadoop-3.2.2/share/hadoop/common/lib/listenablefuture-9999.0-empty-to-avoid-conflict-with-guava.jar:/expanse/lustre/projects/uot187/fegaras/hadoop-3.2.2/share/hadoop/common/lib/token-provider-1.0.1.jar:/expanse/lustre/projects/uot187/fegaras/hadoop-3.2.2/share/hadoop/common/lib/log4j-1.2.17.jar:/expanse/lustre/projects/uot187/fegaras/hadoop-3.2.2/share/hadoop/common/lib/kerb-client-1.0.1.jar:/expanse/lustre/projects/uot187/fegaras/hadoop-3.2.2/share/hadoop/common/lib/commons-cli-1.2.jar:/expanse/lustre/projects/uot187/fegaras/hadoop-3.2.2/share/hadoop/common/lib/commons-logging-1.1.3.jar:/expanse/lustre/projects/uot187/fegaras/hadoop-3.2.2/share/hadoop/common/hadoop-common-3.2.2.jar:/expanse/lustre/projects/uot187/fegaras/hadoop-3.2.2/share/hadoop/common/hadoop-kms-3.2.2.jar:/expanse/lustre/projects/uot187/fegaras/hadoop-3.2.2/share/hadoop/common/hadoop-nfs-3.2.2.jar:/expanse/lustre/projects/uot187/fegaras/hadoop-3.2.2/share/hadoop/common/hadoop-common-3.2.2-tests.jar:/expanse/lustre/projects/uot187/fegaras/hadoop-3.2.2/share/hadoop/hdfs:/expanse/lustre/projects/uot187/fegaras/hadoop-3.2.2/share/hadoop/hdfs/lib/jetty-servlet-9.4.20.v20190813.jar:/expanse/lustre/projects/uot187/fegaras/hadoop-3.2.2/share/hadoop/hdfs/lib/json-simple-1.1.1.jar:/expanse/lustre/projects/uot187/fegaras/hadoop-3.2.2/share/hadoop/hdfs/lib/animal-sniffer-annotations-1.17.jar:/expanse/lustre/projects/uot187/fegaras/hadoop-3.2.2/share/hadoop/hdfs/lib/jackson-databind-2.9.10.4.jar:/expanse/lustre/projects/uot187/fegaras/hadoop-3.2.2/share/hadoop/hdfs/lib/kerby-util-1.0.1.jar:/expanse/lustre/projects/uot187/fegaras/hadoop-3.2.2/share/hadoop/hdfs/lib/jaxb-impl-2.2.3-1.jar:/expanse/lustre/projects/uot187/fegaras/hadoop-3.2.2/share/hadoop/hdfs/lib/javax.activation-api-1.2.0.jar:/expanse/lustre/projects/uot187/fegaras/hadoop-3.2.2/share/hadoop/hdfs/lib/re2j-1.1.jar:/expanse/lustre/projects/uot187/fegaras/hadoop-3.2.2/share/hadoop/hdfs/lib/audience-annotations-0.5.0.jar:/expanse/lustre/projects/uot187/fegaras/hadoop-3.2.2/share/hadoop/hdfs/lib/jsch-0.1.55.jar:/expanse/lustre/projects/uot187/fegaras/hadoop-3.2.2/share/hadoop/hdfs/lib/jackson-annotations-2.9.10.jar:/expanse/lustre/projects/uot187/fegaras/hadoop-3.2.2/share/hadoop/hdfs/lib/jetty-xml-9.4.20.v20190813.jar:/expanse/lustre/projects/uot187/fegaras/hadoop-3.2.2/share/hadoop/hdfs/lib/jetty-io-9.4.20.v20190813.jar:/expanse/lustre/projects/uot187/fegaras/hadoop-3.2.2/share/hadoop/hdfs/lib/avro-1.7.7.jar:/expanse/lustre/projects/uot187/fegaras/hadoop-3.2.2/share/hadoop/hdfs/lib/log4j-1.2.17.jar:/expanse/lustre/projects/uot187/fegaras/hadoop-3.2.2/share/hadoop/hdfs/lib/error_prone_annotations-2.2.0.jar:/expanse/lustre/projects/uot187/fegaras/hadoop-3.2.2/share/hadoop/hdfs/lib/okhttp-2.7.5.jar:/expanse/lustre/projects/uot187/fegaras/hadoop-3.2.2/share/hadoop/hdfs/lib/httpclient-4.5.13.jar:/expanse/lustre/projects/uot187/fegaras/hadoop-3.2.2/share/hadoop/hdfs/lib/gson-2.2.4.jar:/expanse/lustre/projects/uot187/fegaras/hadoop-3.2.2/share/hadoop/hdfs/lib/jetty-webapp-9.4.20.v20190813.jar:/expanse/lustre/projects/uot187/fegaras/hadoop-3.2.2/share/hadoop/hdfs/lib/listenablefuture-9999.0-empty-to-avoid-conflict-with-guava.jar:/expanse/lustre/projects/uot187/fegaras/hadoop-3.2.2/share/hadoop/hdfs/lib/dnsjava-2.1.7.jar:/expanse/lustre/projects/uot187/fegaras/hadoop-3.2.2/share/hadoop/hdfs/lib/okio-1.6.0.jar:/expanse/lustre/projects/uot187/fegaras/hadoop-3.2.2/share/hadoop/hdfs/lib/commons-math3-3.1.1.jar:/expanse/lustre/projects/uot187/fegaras/hadoop-3.2.2/share/hadoop/hdfs/lib/jackson-core-asl-1.9.13.jar:/expanse/lustre/projects/uot187/fegaras/hadoop-3.2.2/share/hadoop/hdfs/lib/jetty-server-9.4.20.v20190813.jar:/expanse/lustre/projects/uot187/fegaras/hadoop-3.2.2/share/hadoop/hdfs/lib/jackson-core-2.9.10.jar:/expanse/lustre/projects/uot187/fegaras/hadoop-3.2.2/share/hadoop/hdfs/lib/kerb-core-1.0.1.jar:/expanse/lustre/projects/uot187/fegaras/hadoop-3.2.2/share/hadoop/hdfs/lib/commons-net-3.6.jar:/expanse/lustre/projects/uot187/fegaras/hadoop-3.2.2/share/hadoop/hdfs/lib/curator-client-2.13.0.jar:/expanse/lustre/projects/uot187/fegaras/hadoop-3.2.2/share/hadoop/hdfs/lib/commons-configuration2-2.1.1.jar:/expanse/lustre/projects/uot187/fegaras/hadoop-3.2.2/share/hadoop/hdfs/lib/hadoop-annotations-3.2.2.jar:/expanse/lustre/projects/uot187/fegaras/hadoop-3.2.2/share/hadoop/hdfs/lib/commons-text-1.4.jar:/expanse/lustre/projects/uot187/fegaras/hadoop-3.2.2/share/hadoop/hdfs/lib/commons-beanutils-1.9.4.jar:/expanse/lustre/projects/uot187/fegaras/hadoop-3.2.2/share/hadoop/hdfs/lib/kerby-pkix-1.0.1.jar:/expanse/lustre/projects/uot187/fegaras/hadoop-3.2.2/share/hadoop/hdfs/lib/jersey-server-1.19.jar:/expanse/lustre/projects/uot187/fegaras/hadoop-3.2.2/share/hadoop/hdfs/lib/kerby-asn1-1.0.1.jar:/expanse/lustre/projects/uot187/fegaras/hadoop-3.2.2/share/hadoop/hdfs/lib/jersey-core-1.19.jar:/expanse/lustre/projects/uot187/fegaras/hadoop-3.2.2/share/hadoop/hdfs/lib/json-smart-2.3.jar:/expanse/lustre/projects/uot187/fegaras/hadoop-3.2.2/share/hadoop/hdfs/lib/commons-collections-3.2.2.jar:/expanse/lustre/projects/uot187/fegaras/hadoop-3.2.2/share/hadoop/hdfs/lib/failureaccess-1.0.jar:/expanse/lustre/projects/uot187/fegaras/hadoop-3.2.2/share/hadoop/hdfs/lib/snappy-java-1.0.5.jar:/expanse/lustre/projects/uot187/fegaras/hadoop-3.2.2/share/hadoop/hdfs/lib/kerb-admin-1.0.1.jar:/expanse/lustre/projects/uot187/fegaras/hadoop-3.2.2/share/hadoop/hdfs/lib/httpcore-4.4.13.jar:/expanse/lustre/projects/uot187/fegaras/hadoop-3.2.2/share/hadoop/hdfs/lib/guava-27.0-jre.jar:/expanse/lustre/projects/uot187/fegaras/hadoop-3.2.2/share/hadoop/hdfs/lib/kerb-client-1.0.1.jar:/expanse/lustre/projects/uot187/fegaras/hadoop-3.2.2/share/hadoop/hdfs/lib/nimbus-jose-jwt-7.9.jar:/expanse/lustre/projects/uot187/fegaras/hadoop-3.2.2/share/hadoop/hdfs/lib/curator-framework-2.13.0.jar:/expanse/lustre/projects/uot187/fegaras/hadoop-3.2.2/share/hadoop/hdfs/lib/kerby-xdr-1.0.1.jar:/expanse/lustre/projects/uot187/fegaras/hadoop-3.2.2/share/hadoop/hdfs/lib/kerb-common-1.0.1.jar:/expanse/lustre/projects/uot187/fegaras/hadoop-3.2.2/share/hadoop/hdfs/lib/kerb-util-1.0.1.jar:/expanse/lustre/projects/uot187/fegaras/hadoop-3.2.2/share/hadoop/hdfs/lib/jetty-util-ajax-9.4.20.v20190813.jar:/expanse/lustre/projects/uot187/fegaras/hadoop-3.2.2/share/hadoop/hdfs/lib/jetty-http-9.4.20.v20190813.jar:/expanse/lustre/projects/uot187/fegaras/hadoop-3.2.2/share/hadoop/hdfs/lib/kerb-crypto-1.0.1.jar:/expanse/lustre/projects/uot187/fegaras/hadoop-3.2.2/share/hadoop/hdfs/lib/kerb-server-1.0.1.jar:/expanse/lustre/projects/uot187/fegaras/hadoop-3.2.2/share/hadoop/hdfs/lib/zookeeper-3.4.13.jar:/expanse/lustre/projects/uot187/fegaras/hadoop-3.2.2/share/hadoop/hdfs/lib/commons-compress-1.19.jar:/expanse/lustre/projects/uot187/fegaras/hadoop-3.2.2/share/hadoop/hdfs/lib/commons-cli-1.2.jar:/expanse/lustre/projects/uot187/fegaras/hadoop-3.2.2/share/hadoop/hdfs/lib/jcip-annotations-1.0-1.jar:/expanse/lustre/projects/uot187/fegaras/hadoop-3.2.2/share/hadoop/hdfs/lib/commons-daemon-1.0.13.jar:/expanse/lustre/projects/uot187/fegaras/hadoop-3.2.2/share/hadoop/hdfs/lib/htrace-core4-4.1.0-incubating.jar:/expanse/lustre/projects/uot187/fegaras/hadoop-3.2.2/share/hadoop/hdfs/lib/token-provider-1.0.1.jar:/expanse/lustre/projects/uot187/fegaras/hadoop-3.2.2/share/hadoop/hdfs/lib/paranamer-2.3.jar:/expanse/lustre/projects/uot187/fegaras/hadoop-3.2.2/share/hadoop/hdfs/lib/kerb-identity-1.0.1.jar:/expanse/lustre/projects/uot187/fegaras/hadoop-3.2.2/share/hadoop/hdfs/lib/commons-io-2.5.jar:/expanse/lustre/projects/uot187/fegaras/hadoop-3.2.2/share/hadoop/hdfs/lib/netty-3.10.6.Final.jar:/expanse/lustre/projects/uot187/fegaras/hadoop-3.2.2/share/hadoop/hdfs/lib/j2objc-annotations-1.1.jar:/expanse/lustre/projects/uot187/fegaras/hadoop-3.2.2/share/hadoop/hdfs/lib/kerb-simplekdc-1.0.1.jar:/expanse/lustre/projects/uot187/fegaras/hadoop-3.2.2/share/hadoop/hdfs/lib/stax2-api-3.1.4.jar:/expanse/lustre/projects/uot187/fegaras/hadoop-3.2.2/share/hadoop/hdfs/lib/commons-lang3-3.7.jar:/expanse/lustre/projects/uot187/fegaras/hadoop-3.2.2/share/hadoop/hdfs/lib/netty-all-4.1.48.Final.jar:/expanse/lustre/projects/uot187/fegaras/hadoop-3.2.2/share/hadoop/hdfs/lib/jetty-security-9.4.20.v20190813.jar:/expanse/lustre/projects/uot187/fegaras/hadoop-3.2.2/share/hadoop/hdfs/lib/jackson-xc-1.9.13.jar:/expanse/lustre/projects/uot187/fegaras/hadoop-3.2.2/share/hadoop/hdfs/lib/protobuf-java-2.5.0.jar:/expanse/lustre/projects/uot187/fegaras/hadoop-3.2.2/share/hadoop/hdfs/lib/woodstox-core-5.0.3.jar:/expanse/lustre/projects/uot187/fegaras/hadoop-3.2.2/share/hadoop/hdfs/lib/jackson-mapper-asl-1.9.13.jar:/expanse/lustre/projects/uot187/fegaras/hadoop-3.2.2/share/hadoop/hdfs/lib/jackson-jaxrs-1.9.13.jar:/expanse/lustre/projects/uot187/fegaras/hadoop-3.2.2/share/hadoop/hdfs/lib/checker-qual-2.5.2.jar:/expanse/lustre/projects/uot187/fegaras/hadoop-3.2.2/share/hadoop/hdfs/lib/hadoop-auth-3.2.2.jar:/expanse/lustre/projects/uot187/fegaras/hadoop-3.2.2/share/hadoop/hdfs/lib/curator-recipes-2.13.0.jar:/expanse/lustre/projects/uot187/fegaras/hadoop-3.2.2/share/hadoop/hdfs/lib/jaxb-api-2.2.11.jar:/expanse/lustre/projects/uot187/fegaras/hadoop-3.2.2/share/hadoop/hdfs/lib/jettison-1.1.jar:/expanse/lustre/projects/uot187/fegaras/hadoop-3.2.2/share/hadoop/hdfs/lib/jsr311-api-1.1.1.jar:/expanse/lustre/projects/uot187/fegaras/hadoop-3.2.2/share/hadoop/hdfs/lib/jersey-json-1.19.jar:/expanse/lustre/projects/uot187/fegaras/hadoop-3.2.2/share/hadoop/hdfs/lib/leveldbjni-all-1.8.jar:/expanse/lustre/projects/uot187/fegaras/hadoop-3.2.2/share/hadoop/hdfs/lib/jetty-util-9.4.20.v20190813.jar:/expanse/lustre/projects/uot187/fegaras/hadoop-3.2.2/share/hadoop/hdfs/lib/commons-logging-1.1.3.jar:/expanse/lustre/projects/uot187/fegaras/hadoop-3.2.2/share/hadoop/hdfs/lib/commons-codec-1.11.jar:/expanse/lustre/projects/uot187/fegaras/hadoop-3.2.2/share/hadoop/hdfs/lib/asm-5.0.4.jar:/expanse/lustre/projects/uot187/fegaras/hadoop-3.2.2/share/hadoop/hdfs/lib/jsr305-3.0.2.jar:/expanse/lustre/projects/uot187/fegaras/hadoop-3.2.2/share/hadoop/hdfs/lib/javax.servlet-api-3.1.0.jar:/expanse/lustre/projects/uot187/fegaras/hadoop-3.2.2/share/hadoop/hdfs/lib/kerby-config-1.0.1.jar:/expanse/lustre/projects/uot187/fegaras/hadoop-3.2.2/share/hadoop/hdfs/lib/accessors-smart-1.2.jar:/expanse/lustre/projects/uot187/fegaras/hadoop-3.2.2/share/hadoop/hdfs/lib/jersey-servlet-1.19.jar:/expanse/lustre/projects/uot187/fegaras/hadoop-3.2.2/share/hadoop/hdfs/hadoop-hdfs-3.2.2-tests.jar:/expanse/lustre/projects/uot187/fegaras/hadoop-3.2.2/share/hadoop/hdfs/hadoop-hdfs-client-3.2.2-tests.jar:/expanse/lustre/projects/uot187/fegaras/hadoop-3.2.2/share/hadoop/hdfs/hadoop-hdfs-httpfs-3.2.2.jar:/expanse/lustre/projects/uot187/fegaras/hadoop-3.2.2/share/hadoop/hdfs/hadoop-hdfs-native-client-3.2.2.jar:/expanse/lustre/projects/uot187/fegaras/hadoop-3.2.2/share/hadoop/hdfs/hadoop-hdfs-rbf-3.2.2-tests.jar:/expanse/lustre/projects/uot187/fegaras/hadoop-3.2.2/share/hadoop/hdfs/hadoop-hdfs-3.2.2.jar:/expanse/lustre/projects/uot187/fegaras/hadoop-3.2.2/share/hadoop/hdfs/hadoop-hdfs-nfs-3.2.2.jar:/expanse/lustre/projects/uot187/fegaras/hadoop-3.2.2/share/hadoop/hdfs/hadoop-hdfs-rbf-3.2.2.jar:/expanse/lustre/projects/uot187/fegaras/hadoop-3.2.2/share/hadoop/hdfs/hadoop-hdfs-client-3.2.2.jar:/expanse/lustre/projects/uot187/fegaras/hadoop-3.2.2/share/hadoop/hdfs/hadoop-hdfs-native-client-3.2.2-tests.jar:/expanse/lustre/projects/uot187/fegaras/hadoop-3.2.2/share/hadoop/mapreduce/lib/junit-4.11.jar:/expanse/lustre/projects/uot187/fegaras/hadoop-3.2.2/share/hadoop/mapreduce/lib/hamcrest-core-1.3.jar:/expanse/lustre/projects/uot187/fegaras/hadoop-3.2.2/share/hadoop/mapreduce/hadoop-mapreduce-examples-3.2.2.jar:/expanse/lustre/projects/uot187/fegaras/hadoop-3.2.2/share/hadoop/mapreduce/hadoop-mapreduce-client-core-3.2.2.jar:/expanse/lustre/projects/uot187/fegaras/hadoop-3.2.2/share/hadoop/mapreduce/hadoop-mapreduce-client-app-3.2.2.jar:/expanse/lustre/projects/uot187/fegaras/hadoop-3.2.2/share/hadoop/mapreduce/hadoop-mapreduce-client-jobclient-3.2.2.jar:/expanse/lustre/projects/uot187/fegaras/hadoop-3.2.2/share/hadoop/mapreduce/hadoop-mapreduce-client-jobclient-3.2.2-tests.jar:/expanse/lustre/projects/uot187/fegaras/hadoop-3.2.2/share/hadoop/mapreduce/hadoop-mapreduce-client-uploader-3.2.2.jar:/expanse/lustre/projects/uot187/fegaras/hadoop-3.2.2/share/hadoop/mapreduce/hadoop-mapreduce-client-hs-3.2.2.jar:/expanse/lustre/projects/uot187/fegaras/hadoop-3.2.2/share/hadoop/mapreduce/hadoop-mapreduce-client-shuffle-3.2.2.jar:/expanse/lustre/projects/uot187/fegaras/hadoop-3.2.2/share/hadoop/mapreduce/hadoop-mapreduce-client-common-3.2.2.jar:/expanse/lustre/projects/uot187/fegaras/hadoop-3.2.2/share/hadoop/mapreduce/hadoop-mapreduce-client-hs-plugins-3.2.2.jar:/expanse/lustre/projects/uot187/fegaras/hadoop-3.2.2/share/hadoop/mapreduce/hadoop-mapreduce-client-nativetask-3.2.2.jar:/expanse/lustre/projects/uot187/fegaras/hadoop-3.2.2/share/hadoop/yarn:/expanse/lustre/projects/uot187/fegaras/hadoop-3.2.2/share/hadoop/yarn/lib/jersey-client-1.19.jar:/expanse/lustre/projects/uot187/fegaras/hadoop-3.2.2/share/hadoop/yarn/lib/mssql-jdbc-6.2.1.jre7.jar:/expanse/lustre/projects/uot187/fegaras/hadoop-3.2.2/share/hadoop/yarn/lib/objenesis-1.0.jar:/expanse/lustre/projects/uot187/fegaras/hadoop-3.2.2/share/hadoop/yarn/lib/jackson-module-jaxb-annotations-2.9.10.jar:/expanse/lustre/projects/uot187/fegaras/hadoop-3.2.2/share/hadoop/yarn/lib/bcprov-jdk15on-1.60.jar:/expanse/lustre/projects/uot187/fegaras/hadoop-3.2.2/share/hadoop/yarn/lib/jackson-jaxrs-json-provider-2.9.10.jar:/expanse/lustre/projects/uot187/fegaras/hadoop-3.2.2/share/hadoop/yarn/lib/metrics-core-3.2.4.jar:/expanse/lustre/projects/uot187/fegaras/hadoop-3.2.2/share/hadoop/yarn/lib/fst-2.50.jar:/expanse/lustre/projects/uot187/fegaras/hadoop-3.2.2/share/hadoop/yarn/lib/geronimo-jcache_1.0_spec-1.0-alpha-1.jar:/expanse/lustre/projects/uot187/fegaras/hadoop-3.2.2/share/hadoop/yarn/lib/bcpkix-jdk15on-1.60.jar:/expanse/lustre/projects/uot187/fegaras/hadoop-3.2.2/share/hadoop/yarn/lib/ehcache-3.3.1.jar:/expanse/lustre/projects/uot187/fegaras/hadoop-3.2.2/share/hadoop/yarn/lib/aopalliance-1.0.jar:/expanse/lustre/projects/uot187/fegaras/hadoop-3.2.2/share/hadoop/yarn/lib/swagger-annotations-1.5.4.jar:/expanse/lustre/projects/uot187/fegaras/hadoop-3.2.2/share/hadoop/yarn/lib/json-io-2.5.1.jar:/expanse/lustre/projects/uot187/fegaras/hadoop-3.2.2/share/hadoop/yarn/lib/guice-servlet-4.0.jar:/expanse/lustre/projects/uot187/fegaras/hadoop-3.2.2/share/hadoop/yarn/lib/jersey-guice-1.19.jar:/expanse/lustre/projects/uot187/fegaras/hadoop-3.2.2/share/hadoop/yarn/lib/jackson-jaxrs-base-2.9.10.jar:/expanse/lustre/projects/uot187/fegaras/hadoop-3.2.2/share/hadoop/yarn/lib/guice-4.0.jar:/expanse/lustre/projects/uot187/fegaras/hadoop-3.2.2/share/hadoop/yarn/lib/javax.inject-1.jar:/expanse/lustre/projects/uot187/fegaras/hadoop-3.2.2/share/hadoop/yarn/lib/snakeyaml-1.16.jar:/expanse/lustre/projects/uot187/fegaras/hadoop-3.2.2/share/hadoop/yarn/lib/HikariCP-java7-2.4.12.jar:/expanse/lustre/projects/uot187/fegaras/hadoop-3.2.2/share/hadoop/yarn/lib/java-util-1.9.0.jar:/expanse/lustre/projects/uot187/fegaras/hadoop-3.2.2/share/hadoop/yarn/hadoop-yarn-applications-unmanaged-am-launcher-3.2.2.jar:/expanse/lustre/projects/uot187/fegaras/hadoop-3.2.2/share/hadoop/yarn/hadoop-yarn-server-resourcemanager-3.2.2.jar:/expanse/lustre/projects/uot187/fegaras/hadoop-3.2.2/share/hadoop/yarn/hadoop-yarn-server-router-3.2.2.jar:/expanse/lustre/projects/uot187/fegaras/hadoop-3.2.2/share/hadoop/yarn/hadoop-yarn-server-nodemanager-3.2.2.jar:/expanse/lustre/projects/uot187/fegaras/hadoop-3.2.2/share/hadoop/yarn/hadoop-yarn-common-3.2.2.jar:/expanse/lustre/projects/uot187/fegaras/hadoop-3.2.2/share/hadoop/yarn/hadoop-yarn-server-timeline-pluginstorage-3.2.2.jar:/expanse/lustre/projects/uot187/fegaras/hadoop-3.2.2/share/hadoop/yarn/hadoop-yarn-server-web-proxy-3.2.2.jar:/expanse/lustre/projects/uot187/fegaras/hadoop-3.2.2/share/hadoop/yarn/hadoop-yarn-client-3.2.2.jar:/expanse/lustre/projects/uot187/fegaras/hadoop-3.2.2/share/hadoop/yarn/hadoop-yarn-submarine-3.2.2.jar:/expanse/lustre/projects/uot187/fegaras/hadoop-3.2.2/share/hadoop/yarn/hadoop-yarn-services-api-3.2.2.jar:/expanse/lustre/projects/uot187/fegaras/hadoop-3.2.2/share/hadoop/yarn/hadoop-yarn-services-core-3.2.2.jar:/expanse/lustre/projects/uot187/fegaras/hadoop-3.2.2/share/hadoop/yarn/hadoop-yarn-server-tests-3.2.2.jar:/expanse/lustre/projects/uot187/fegaras/hadoop-3.2.2/share/hadoop/yarn/hadoop-yarn-applications-distributedshell-3.2.2.jar:/expanse/lustre/projects/uot187/fegaras/hadoop-3.2.2/share/hadoop/yarn/hadoop-yarn-server-sharedcachemanager-3.2.2.jar:/expanse/lustre/projects/uot187/fegaras/hadoop-3.2.2/share/hadoop/yarn/hadoop-yarn-registry-3.2.2.jar:/expanse/lustre/projects/uot187/fegaras/hadoop-3.2.2/share/hadoop/yarn/hadoop-yarn-server-applicationhistoryservice-3.2.2.jar:/expanse/lustre/projects/uot187/fegaras/hadoop-3.2.2/share/hadoop/yarn/hadoop-yarn-server-common-3.2.2.jar:/expanse/lustre/projects/uot187/fegaras/hadoop-3.2.2/share/hadoop/yarn/hadoop-yarn-api-3.2.2.jar
STARTUP_MSG:   build = Unknown -r 7a3bc90b05f257c8ace2f76d74264906f0f7a932; compiled by 'hexiaoqiao' on 2021-01-03T09:26Z
STARTUP_MSG:   java = 11.0.2
************************************************************/
2023-04-17 18:20:46,909 INFO namenode.NameNode: registered UNIX signal handlers for [TERM, HUP, INT]
2023-04-17 18:20:46,962 INFO namenode.NameNode: createNameNode [-format, -nonInteractive, -force]
2023-04-17 18:20:47,298 INFO common.Util: Assuming 'file' scheme for path /scratch/ksavaliya/job_21739421/namenode_data in configuration.
2023-04-17 18:20:47,299 INFO common.Util: Assuming 'file' scheme for path /scratch/ksavaliya/job_21739421/namenode_data in configuration.
Formatting using clusterid: CID-5b2ae701-8b3c-4fe6-862c-ff97cda799a5
2023-04-17 18:20:47,321 INFO namenode.FSEditLog: Edit logging is async:true
2023-04-17 18:20:47,342 INFO namenode.FSNamesystem: KeyProvider: null
2023-04-17 18:20:47,342 INFO namenode.FSNamesystem: fsLock is fair: true
2023-04-17 18:20:47,343 INFO namenode.FSNamesystem: Detailed lock hold time metrics enabled: false
2023-04-17 18:20:47,371 INFO namenode.FSNamesystem: fsOwner             = ksavaliya (auth:SIMPLE)
2023-04-17 18:20:47,371 INFO namenode.FSNamesystem: supergroup          = supergroup
2023-04-17 18:20:47,371 INFO namenode.FSNamesystem: isPermissionEnabled = true
2023-04-17 18:20:47,371 INFO namenode.FSNamesystem: HA Enabled: false
2023-04-17 18:20:47,451 INFO common.Util: dfs.datanode.fileio.profiling.sampling.percentage set to 0. Disabling file IO profiling
2023-04-17 18:20:47,457 INFO blockmanagement.DatanodeManager: dfs.block.invalidate.limit: configured=1000, counted=60, effected=1000
2023-04-17 18:20:47,457 INFO blockmanagement.DatanodeManager: dfs.namenode.datanode.registration.ip-hostname-check=true
2023-04-17 18:20:47,460 INFO blockmanagement.BlockManager: dfs.namenode.startup.delay.block.deletion.sec is set to 000:00:00:00.000
2023-04-17 18:20:47,460 INFO blockmanagement.BlockManager: The block deletion will start around 2023 Apr 17 18:20:47
2023-04-17 18:20:47,461 INFO util.GSet: Computing capacity for map BlocksMap
2023-04-17 18:20:47,461 INFO util.GSet: VM type       = 64-bit
2023-04-17 18:20:47,462 INFO util.GSet: 2.0% max memory 30.0 GB = 613.8 MB
2023-04-17 18:20:47,462 INFO util.GSet: capacity      = 2^26 = 67108864 entries
2023-04-17 18:20:47,494 INFO blockmanagement.BlockManager: Storage policy satisfier is disabled
2023-04-17 18:20:47,494 INFO blockmanagement.BlockManager: dfs.block.access.token.enable = false
2023-04-17 18:20:47,498 INFO Configuration.deprecation: No unit for dfs.namenode.safemode.extension(30000) assuming MILLISECONDS
2023-04-17 18:20:47,498 INFO blockmanagement.BlockManagerSafeMode: dfs.namenode.safemode.threshold-pct = 0.9990000128746033
2023-04-17 18:20:47,498 INFO blockmanagement.BlockManagerSafeMode: dfs.namenode.safemode.min.datanodes = 0
2023-04-17 18:20:47,498 INFO blockmanagement.BlockManagerSafeMode: dfs.namenode.safemode.extension = 30000
2023-04-17 18:20:47,499 INFO blockmanagement.BlockManager: defaultReplication         = 3
2023-04-17 18:20:47,499 INFO blockmanagement.BlockManager: maxReplication             = 512
2023-04-17 18:20:47,499 INFO blockmanagement.BlockManager: minReplication             = 1
2023-04-17 18:20:47,499 INFO blockmanagement.BlockManager: maxReplicationStreams      = 2
2023-04-17 18:20:47,499 INFO blockmanagement.BlockManager: redundancyRecheckInterval  = 3000ms
2023-04-17 18:20:47,499 INFO blockmanagement.BlockManager: encryptDataTransfer        = false
2023-04-17 18:20:47,499 INFO blockmanagement.BlockManager: maxNumBlocksToLog          = 1000
2023-04-17 18:20:47,513 INFO namenode.FSDirectory: GLOBAL serial map: bits=29 maxEntries=536870911
2023-04-17 18:20:47,513 INFO namenode.FSDirectory: USER serial map: bits=24 maxEntries=16777215
2023-04-17 18:20:47,513 INFO namenode.FSDirectory: GROUP serial map: bits=24 maxEntries=16777215
2023-04-17 18:20:47,513 INFO namenode.FSDirectory: XATTR serial map: bits=24 maxEntries=16777215
2023-04-17 18:20:47,520 INFO util.GSet: Computing capacity for map INodeMap
2023-04-17 18:20:47,520 INFO util.GSet: VM type       = 64-bit
2023-04-17 18:20:47,520 INFO util.GSet: 1.0% max memory 30.0 GB = 306.9 MB
2023-04-17 18:20:47,520 INFO util.GSet: capacity      = 2^25 = 33554432 entries
2023-04-17 18:20:47,534 INFO namenode.FSDirectory: ACLs enabled? false
2023-04-17 18:20:47,534 INFO namenode.FSDirectory: POSIX ACL inheritance enabled? true
2023-04-17 18:20:47,534 INFO namenode.FSDirectory: XAttrs enabled? true
2023-04-17 18:20:47,535 INFO namenode.NameNode: Caching file names occurring more than 10 times
2023-04-17 18:20:47,539 INFO snapshot.SnapshotManager: Loaded config captureOpenFiles: false, skipCaptureAccessTimeOnlyChange: false, snapshotDiffAllowSnapRootDescendant: true, maxSnapshotLimit: 65536
2023-04-17 18:20:47,540 INFO snapshot.SnapshotManager: SkipList is disabled
2023-04-17 18:20:47,543 INFO util.GSet: Computing capacity for map cachedBlocks
2023-04-17 18:20:47,543 INFO util.GSet: VM type       = 64-bit
2023-04-17 18:20:47,544 INFO util.GSet: 0.25% max memory 30.0 GB = 76.7 MB
2023-04-17 18:20:47,544 INFO util.GSet: capacity      = 2^23 = 8388608 entries
2023-04-17 18:20:47,554 INFO metrics.TopMetrics: NNTop conf: dfs.namenode.top.window.num.buckets = 10
2023-04-17 18:20:47,554 INFO metrics.TopMetrics: NNTop conf: dfs.namenode.top.num.users = 10
2023-04-17 18:20:47,554 INFO metrics.TopMetrics: NNTop conf: dfs.namenode.top.windows.minutes = 1,5,25
2023-04-17 18:20:47,557 INFO namenode.FSNamesystem: Retry cache on namenode is enabled
2023-04-17 18:20:47,557 INFO namenode.FSNamesystem: Retry cache will use 0.03 of total heap and retry cache entry expiry time is 600000 millis
2023-04-17 18:20:47,558 INFO util.GSet: Computing capacity for map NameNodeRetryCache
2023-04-17 18:20:47,558 INFO util.GSet: VM type       = 64-bit
2023-04-17 18:20:47,558 INFO util.GSet: 0.029999999329447746% max memory 30.0 GB = 9.2 MB
2023-04-17 18:20:47,558 INFO util.GSet: capacity      = 2^20 = 1048576 entries
2023-04-17 18:20:47,575 INFO namenode.FSImage: Allocated new BlockPoolId: BP-169228552-198.202.103.233-1681780847571
2023-04-17 18:20:47,587 INFO common.Storage: Storage directory /scratch/ksavaliya/job_21739421/namenode_data has been successfully formatted.
2023-04-17 18:20:47,611 INFO namenode.FSImageFormatProtobuf: Saving image file /scratch/ksavaliya/job_21739421/namenode_data/current/fsimage.ckpt_0000000000000000000 using no compression
2023-04-17 18:20:47,691 INFO namenode.FSImageFormatProtobuf: Image file /scratch/ksavaliya/job_21739421/namenode_data/current/fsimage.ckpt_0000000000000000000 of size 404 bytes saved in 0 seconds .
2023-04-17 18:20:47,703 INFO namenode.NNStorageRetentionManager: Going to retain 1 images with txid >= 0
2023-04-17 18:20:47,707 INFO namenode.FSImage: FSImageSaver clean checkpoint: txid=0 when meet shutdown.
2023-04-17 18:20:47,708 INFO namenode.NameNode: SHUTDOWN_MSG: 
/************************************************************
SHUTDOWN_MSG: Shutting down NameNode at exp-1-22/198.202.103.233
************************************************************/
Starting namenodes on [exp-1-22]
Starting datanodes
WARNING: HADOOP_SECURE_DN_PID_DIR has been replaced by HADOOP_SECURE_PID_DIR. Using value of HADOOP_SECURE_DN_PID_DIR.
localhost: @@@@@@@@@@@@@@@@@@@@@@@@@@@@@@@@@@@@@@@@@@@@@@@@@@@@@@@@@@@
localhost: @    WARNING: REMOTE HOST IDENTIFICATION HAS CHANGED!     @
localhost: @@@@@@@@@@@@@@@@@@@@@@@@@@@@@@@@@@@@@@@@@@@@@@@@@@@@@@@@@@@
localhost: IT IS POSSIBLE THAT SOMEONE IS DOING SOMETHING NASTY!
localhost: Someone could be eavesdropping on you right now (man-in-the-middle attack)!
localhost: It is also possible that a host key has just been changed.
localhost: The fingerprint for the ED25519 key sent by the remote host is
localhost: SHA256:mXHznq++zx4TIUcFfAKE8yvRnLoFOR+0alygY+ufFGw.
localhost: Please contact your system administrator.
localhost: Add correct host key in /home/ksavaliya/.ssh/known_hosts to get rid of this message.
localhost: Offending ED25519 key in /home/ksavaliya/.ssh/known_hosts:1
localhost: Password authentication is disabled to avoid man-in-the-middle attacks.
localhost: Keyboard-interactive authentication is disabled to avoid man-in-the-middle attacks.
localhost: WARNING: HADOOP_SECURE_DN_PID_DIR has been replaced by HADOOP_SECURE_PID_DIR. Using value of HADOOP_SECURE_DN_PID_DIR.
Starting secondary namenodes [exp-1-22]
WARNING: YARN_LOG_DIR has been replaced by HADOOP_LOG_DIR. Using value of YARN_LOG_DIR.
WARNING: YARN_PID_DIR has been replaced by HADOOP_PID_DIR. Using value of YARN_PID_DIR.
Starting resourcemanager
WARNING: YARN_LOG_DIR has been replaced by HADOOP_LOG_DIR. Using value of YARN_LOG_DIR.
WARNING: YARN_PID_DIR has been replaced by HADOOP_PID_DIR. Using value of YARN_PID_DIR.
Starting nodemanagers
WARNING: YARN_LOG_DIR has been replaced by HADOOP_LOG_DIR. Using value of YARN_LOG_DIR.
WARNING: YARN_PID_DIR has been replaced by HADOOP_PID_DIR. Using value of YARN_PID_DIR.
localhost: @@@@@@@@@@@@@@@@@@@@@@@@@@@@@@@@@@@@@@@@@@@@@@@@@@@@@@@@@@@
localhost: @    WARNING: REMOTE HOST IDENTIFICATION HAS CHANGED!     @
localhost: @@@@@@@@@@@@@@@@@@@@@@@@@@@@@@@@@@@@@@@@@@@@@@@@@@@@@@@@@@@
localhost: IT IS POSSIBLE THAT SOMEONE IS DOING SOMETHING NASTY!
localhost: Someone could be eavesdropping on you right now (man-in-the-middle attack)!
localhost: It is also possible that a host key has just been changed.
localhost: The fingerprint for the ED25519 key sent by the remote host is
localhost: SHA256:mXHznq++zx4TIUcFfAKE8yvRnLoFOR+0alygY+ufFGw.
localhost: Please contact your system administrator.
localhost: Add correct host key in /home/ksavaliya/.ssh/known_hosts to get rid of this message.
localhost: Offending ED25519 key in /home/ksavaliya/.ssh/known_hosts:1
localhost: Password authentication is disabled to avoid man-in-the-middle attacks.
localhost: Keyboard-interactive authentication is disabled to avoid man-in-the-middle attacks.
localhost: WARNING: YARN_LOG_DIR has been replaced by HADOOP_LOG_DIR. Using value of YARN_LOG_DIR.
localhost: WARNING: YARN_PID_DIR has been replaced by HADOOP_PID_DIR. Using value of YARN_PID_DIR.
WARNING: YARN_LOG_DIR has been replaced by HADOOP_LOG_DIR. Using value of YARN_LOG_DIR.
WARNING: YARN_PID_DIR has been replaced by HADOOP_PID_DIR. Using value of YARN_PID_DIR.
WARNING: Use of this script to start the MR JobHistory daemon is deprecated.
WARNING: Attempting to execute replacement "mapred --daemon start" instead.
WARNING: HADOOP_MAPRED_LOG_DIR has been replaced by HADOOP_LOG_DIR. Using value of HADOOP_MAPRED_LOG_DIR.
2023-04-17 18:21:14,041 INFO pig.ExecTypeProvider: Trying ExecType : LOCAL
2023-04-17 18:21:14,042 INFO pig.ExecTypeProvider: Trying ExecType : MAPREDUCE
2023-04-17 18:21:14,042 INFO pig.ExecTypeProvider: Picked MAPREDUCE as the ExecType
2023-04-17 18:21:14,072 [main] INFO  org.apache.pig.Main - Apache Pig version 0.17.0 (r1797386) compiled Jun 02 2017, 15:41:58
2023-04-17 18:21:14,072 [main] INFO  org.apache.pig.Main - Logging error messages to: /home/ksavaliya/project6/pig_1681780874064.log
2023-04-17 18:21:14,256 [main] INFO  org.apache.pig.impl.util.Utils - Default bootup file /home/ksavaliya/.pigbootup not found
2023-04-17 18:21:14,287 [main] INFO  org.apache.hadoop.conf.Configuration.deprecation - mapred.job.tracker is deprecated. Instead, use mapreduce.jobtracker.address
2023-04-17 18:21:14,287 [main] INFO  org.apache.pig.backend.hadoop.executionengine.HExecutionEngine - Connecting to hadoop file system at: hdfs://exp-1-22:54310
2023-04-17 18:21:14,547 [main] INFO  org.apache.pig.PigServer - Pig Script ID for the session: PIG-graph.pig-af70c58b-16a8-46e9-a5e6-93aae1a14846
2023-04-17 18:21:14,547 [main] WARN  org.apache.pig.PigServer - ATS is disabled since yarn.timeline-service.enabled set to false
2023-04-17 18:21:14,868 [main] INFO  org.apache.hadoop.conf.Configuration.deprecation - mapred.textoutputformat.separator is deprecated. Instead, use mapreduce.output.textoutputformat.separator
2023-04-17 18:21:14,877 [main] INFO  org.apache.pig.tools.pigstats.ScriptState - Pig features used in the script: GROUP_BY
2023-04-17 18:21:14,894 [main] INFO  org.apache.pig.data.SchemaTupleBackend - Key [pig.schematuple] was not set... will not generate code.
2023-04-17 18:21:14,908 [main] INFO  org.apache.pig.newplan.logical.optimizer.LogicalPlanOptimizer - {RULES_ENABLED=[AddForEach, ColumnMapKeyPrune, ConstantCalculator, GroupByConstParallelSetter, LimitOptimizer, LoadTypeCastInserter, MergeFilter, MergeForEach, NestedLimitOptimizer, PartitionFilterOptimizer, PredicatePushdownOptimizer, PushDownForEachFlatten, PushUpFilter, SplitFilter, StreamTypeCastInserter]}
2023-04-17 18:21:14,946 [main] INFO  org.apache.pig.impl.util.SpillableMemoryManager - Selected heap (G1 Old Gen) of size 1048576000 to monitor. collectionUsageThreshold = 734003200, usageThreshold = 734003200
2023-04-17 18:21:14,970 [main] INFO  org.apache.pig.backend.hadoop.executionengine.mapReduceLayer.MRCompiler - File concatenation threshold: 100 optimistic? false
2023-04-17 18:21:14,987 [main] INFO  org.apache.pig.backend.hadoop.executionengine.util.CombinerOptimizerUtil - Choosing to move algebraic foreach to combiner
2023-04-17 18:21:14,991 [main] INFO  org.apache.pig.backend.hadoop.executionengine.util.CombinerOptimizerUtil - Choosing to move algebraic foreach to combiner
2023-04-17 18:21:14,999 [main] INFO  org.apache.pig.backend.hadoop.executionengine.mapReduceLayer.MultiQueryOptimizer - MR plan size before optimization: 2
2023-04-17 18:21:14,999 [main] INFO  org.apache.pig.backend.hadoop.executionengine.mapReduceLayer.MultiQueryOptimizer - MR plan size after optimization: 2
2023-04-17 18:21:15,041 [main] INFO  org.apache.hadoop.yarn.client.RMProxy - Connecting to ResourceManager at exp-1-22/198.202.103.233:8032
2023-04-17 18:21:15,141 [main] INFO  org.apache.hadoop.conf.Configuration.deprecation - yarn.resourcemanager.system-metrics-publisher.enabled is deprecated. Instead, use yarn.system-metrics-publisher.enabled
2023-04-17 18:21:15,148 [main] INFO  org.apache.pig.tools.pigstats.mapreduce.MRScriptState - Pig script settings are added to the job
2023-04-17 18:21:15,151 [main] INFO  org.apache.hadoop.conf.Configuration.deprecation - mapred.job.reduce.markreset.buffer.percent is deprecated. Instead, use mapreduce.reduce.markreset.buffer.percent
2023-04-17 18:21:15,151 [main] INFO  org.apache.pig.backend.hadoop.executionengine.mapReduceLayer.JobControlCompiler - mapred.job.reduce.markreset.buffer.percent is not set, set to default 0.3
2023-04-17 18:21:15,152 [main] INFO  org.apache.hadoop.conf.Configuration.deprecation - mapred.output.compress is deprecated. Instead, use mapreduce.output.fileoutputformat.compress
2023-04-17 18:21:15,153 [main] INFO  org.apache.pig.backend.hadoop.executionengine.mapReduceLayer.JobControlCompiler - Reduce phase detected, estimating # of required reducers.
2023-04-17 18:21:15,153 [main] INFO  org.apache.pig.backend.hadoop.executionengine.mapReduceLayer.JobControlCompiler - Using reducer estimator: org.apache.pig.backend.hadoop.executionengine.mapReduceLayer.InputSizeReducerEstimator
2023-04-17 18:21:15,158 [main] INFO  org.apache.pig.backend.hadoop.executionengine.mapReduceLayer.InputSizeReducerEstimator - BytesPerReducer=1000000000 maxReducers=999 totalInputFileSize=140791854
2023-04-17 18:21:15,158 [main] INFO  org.apache.pig.backend.hadoop.executionengine.mapReduceLayer.JobControlCompiler - Setting Parallelism to 1
2023-04-17 18:21:15,158 [main] INFO  org.apache.hadoop.conf.Configuration.deprecation - mapred.reduce.tasks is deprecated. Instead, use mapreduce.job.reduces
2023-04-17 18:21:15,158 [main] INFO  org.apache.pig.backend.hadoop.executionengine.mapReduceLayer.JobControlCompiler - This job cannot be converted run in-process
2023-04-17 18:21:15,164 [main] INFO  org.apache.hadoop.conf.Configuration.deprecation - mapred.submit.replication is deprecated. Instead, use mapreduce.client.submit.file.replication
2023-04-17 18:21:15,263 [main] INFO  org.apache.pig.backend.hadoop.executionengine.mapReduceLayer.JobControlCompiler - Added jar file:/expanse/lustre/projects/uot187/fegaras/pig-0.17.0/pig-0.17.0-core-h2.jar to DistributedCache through /tmp/temp-153277858/tmp-447942345/pig-0.17.0-core-h2.jar
2023-04-17 18:21:15,275 [main] INFO  org.apache.pig.backend.hadoop.executionengine.mapReduceLayer.JobControlCompiler - Added jar file:/expanse/lustre/projects/uot187/fegaras/pig-0.17.0/lib/automaton-1.11-8.jar to DistributedCache through /tmp/temp-153277858/tmp809328111/automaton-1.11-8.jar
2023-04-17 18:21:15,286 [main] INFO  org.apache.pig.backend.hadoop.executionengine.mapReduceLayer.JobControlCompiler - Added jar file:/expanse/lustre/projects/uot187/fegaras/pig-0.17.0/lib/antlr-runtime-3.4.jar to DistributedCache through /tmp/temp-153277858/tmp158962669/antlr-runtime-3.4.jar
2023-04-17 18:21:15,297 [main] INFO  org.apache.pig.backend.hadoop.executionengine.mapReduceLayer.JobControlCompiler - Added jar file:/expanse/lustre/projects/uot187/fegaras/pig-0.17.0/lib/joda-time-2.9.3.jar to DistributedCache through /tmp/temp-153277858/tmp-679599614/joda-time-2.9.3.jar
2023-04-17 18:21:15,306 [main] INFO  org.apache.pig.backend.hadoop.executionengine.mapReduceLayer.JobControlCompiler - Setting up single store job
2023-04-17 18:21:15,308 [main] INFO  org.apache.pig.data.SchemaTupleFrontend - Key [pig.schematuple] is false, will not generate code.
2023-04-17 18:21:15,308 [main] INFO  org.apache.pig.data.SchemaTupleFrontend - Starting process to move generated code to distributed cacche
2023-04-17 18:21:15,308 [main] INFO  org.apache.pig.data.SchemaTupleFrontend - Setting key [pig.schematuple.classes] with classes to deserialize []
2023-04-17 18:21:15,357 [main] INFO  org.apache.pig.backend.hadoop.executionengine.mapReduceLayer.MapReduceLauncher - 1 map-reduce job(s) waiting for submission.
2023-04-17 18:21:15,365 [JobControl] INFO  org.apache.hadoop.yarn.client.RMProxy - Connecting to ResourceManager at exp-1-22/198.202.103.233:8032
2023-04-17 18:21:15,376 [JobControl] INFO  org.apache.hadoop.conf.Configuration.deprecation - mapred.task.id is deprecated. Instead, use mapreduce.task.attempt.id
2023-04-17 18:21:15,452 [JobControl] INFO  org.apache.hadoop.mapreduce.JobResourceUploader - Disabling Erasure Coding for path: /tmp/hadoop-yarn/staging/ksavaliya/.staging/job_1681780864048_0001
2023-04-17 18:21:15,462 [JobControl] WARN  org.apache.hadoop.mapreduce.JobResourceUploader - No job jar file set.  User classes may not be found. See Job or Job#setJar(String).
2023-04-17 18:21:15,476 [JobControl] INFO  org.apache.pig.builtin.PigStorage - Using PigTextInputFormat
2023-04-17 18:21:15,479 [JobControl] INFO  org.apache.hadoop.mapreduce.lib.input.FileInputFormat - Total input files to process : 1
2023-04-17 18:21:15,479 [JobControl] INFO  org.apache.pig.backend.hadoop.executionengine.util.MapRedUtil - Total input paths to process : 1
2023-04-17 18:21:15,494 [JobControl] INFO  org.apache.pig.backend.hadoop.executionengine.util.MapRedUtil - Total input paths (combined) to process : 1
2023-04-17 18:21:15,920 [JobControl] INFO  org.apache.hadoop.mapreduce.JobSubmitter - number of splits:1
2023-04-17 18:21:15,953 [JobControl] INFO  org.apache.hadoop.conf.Configuration.deprecation - yarn.resourcemanager.system-metrics-publisher.enabled is deprecated. Instead, use yarn.system-metrics-publisher.enabled
2023-04-17 18:21:16,445 [JobControl] INFO  org.apache.hadoop.mapreduce.JobSubmitter - Submitting tokens for job: job_1681780864048_0001
2023-04-17 18:21:16,447 [JobControl] INFO  org.apache.hadoop.mapreduce.JobSubmitter - Executing with tokens: []
2023-04-17 18:21:16,516 [JobControl] INFO  org.apache.hadoop.mapred.YARNRunner - Job jar is not present. Not adding any jar to the list of resources.
2023-04-17 18:21:16,552 [JobControl] INFO  org.apache.hadoop.conf.Configuration - resource-types.xml not found
2023-04-17 18:21:16,552 [JobControl] INFO  org.apache.hadoop.yarn.util.resource.ResourceUtils - Unable to find 'resource-types.xml'.
2023-04-17 18:21:16,874 [JobControl] INFO  org.apache.hadoop.yarn.client.api.impl.YarnClientImpl - Submitted application application_1681780864048_0001
2023-04-17 18:21:16,894 [JobControl] INFO  org.apache.hadoop.mapreduce.Job - The url to track the job: http://exp-1-22:8088/proxy/application_1681780864048_0001/
2023-04-17 18:21:16,894 [main] INFO  org.apache.pig.backend.hadoop.executionengine.mapReduceLayer.MapReduceLauncher - HadoopJobId: job_1681780864048_0001
2023-04-17 18:21:16,894 [main] INFO  org.apache.pig.backend.hadoop.executionengine.mapReduceLayer.MapReduceLauncher - Processing aliases graph_input,n_neighbors,neighbors
2023-04-17 18:21:16,895 [main] INFO  org.apache.pig.backend.hadoop.executionengine.mapReduceLayer.MapReduceLauncher - detailed locations: M: graph_input[1,14],graph_input[-1,-1],n_neighbors[3,14],neighbors[2,12] C: n_neighbors[3,14],neighbors[2,12] R: n_neighbors[3,14]
2023-04-17 18:21:16,901 [main] INFO  org.apache.pig.backend.hadoop.executionengine.mapReduceLayer.MapReduceLauncher - 0% complete
2023-04-17 18:21:16,901 [main] INFO  org.apache.pig.backend.hadoop.executionengine.mapReduceLayer.MapReduceLauncher - Running jobs are [job_1681780864048_0001]
2023-04-17 18:21:38,938 [main] INFO  org.apache.pig.backend.hadoop.executionengine.mapReduceLayer.MapReduceLauncher - 9% complete
2023-04-17 18:21:38,939 [main] INFO  org.apache.pig.backend.hadoop.executionengine.mapReduceLayer.MapReduceLauncher - Running jobs are [job_1681780864048_0001]
2023-04-17 18:21:51,448 [main] INFO  org.apache.pig.backend.hadoop.executionengine.mapReduceLayer.MapReduceLauncher - 16% complete
2023-04-17 18:21:51,449 [main] INFO  org.apache.pig.backend.hadoop.executionengine.mapReduceLayer.MapReduceLauncher - Running jobs are [job_1681780864048_0001]
2023-04-17 18:21:53,950 [main] INFO  org.apache.pig.backend.hadoop.executionengine.mapReduceLayer.MapReduceLauncher - 25% complete
2023-04-17 18:21:53,950 [main] INFO  org.apache.pig.backend.hadoop.executionengine.mapReduceLayer.MapReduceLauncher - Running jobs are [job_1681780864048_0001]
2023-04-17 18:21:58,955 [main] INFO  org.apache.pig.backend.hadoop.executionengine.mapReduceLayer.MapReduceLauncher - 50% complete
2023-04-17 18:21:58,955 [main] INFO  org.apache.pig.backend.hadoop.executionengine.mapReduceLayer.MapReduceLauncher - Running jobs are [job_1681780864048_0001]
2023-04-17 18:22:01,962 [main] INFO  org.apache.hadoop.yarn.client.RMProxy - Connecting to ResourceManager at exp-1-22/198.202.103.233:8032
2023-04-17 18:22:01,968 [main] INFO  org.apache.hadoop.mapred.ClientServiceDelegate - Application state is completed. FinalApplicationStatus=SUCCEEDED. Redirecting to job history server
2023-04-17 18:22:02,448 [main] INFO  org.apache.hadoop.yarn.client.RMProxy - Connecting to ResourceManager at exp-1-22/198.202.103.233:8032
2023-04-17 18:22:02,456 [main] INFO  org.apache.hadoop.mapred.ClientServiceDelegate - Application state is completed. FinalApplicationStatus=SUCCEEDED. Redirecting to job history server
2023-04-17 18:22:02,485 [main] INFO  org.apache.hadoop.yarn.client.RMProxy - Connecting to ResourceManager at exp-1-22/198.202.103.233:8032
2023-04-17 18:22:02,488 [main] INFO  org.apache.hadoop.mapred.ClientServiceDelegate - Application state is completed. FinalApplicationStatus=SUCCEEDED. Redirecting to job history server
2023-04-17 18:22:02,531 [main] INFO  org.apache.pig.tools.pigstats.mapreduce.MRScriptState - Pig script settings are added to the job
2023-04-17 18:22:02,533 [main] INFO  org.apache.pig.backend.hadoop.executionengine.mapReduceLayer.JobControlCompiler - mapred.job.reduce.markreset.buffer.percent is not set, set to default 0.3
2023-04-17 18:22:02,534 [main] INFO  org.apache.pig.backend.hadoop.executionengine.mapReduceLayer.JobControlCompiler - Reduce phase detected, estimating # of required reducers.
2023-04-17 18:22:02,534 [main] INFO  org.apache.pig.backend.hadoop.executionengine.mapReduceLayer.JobControlCompiler - Using reducer estimator: org.apache.pig.backend.hadoop.executionengine.mapReduceLayer.InputSizeReducerEstimator
2023-04-17 18:22:02,543 [main] INFO  org.apache.pig.backend.hadoop.executionengine.mapReduceLayer.InputSizeReducerEstimator - BytesPerReducer=1000000000 maxReducers=999 totalInputFileSize=5708598
2023-04-17 18:22:02,543 [main] INFO  org.apache.pig.backend.hadoop.executionengine.mapReduceLayer.JobControlCompiler - Setting Parallelism to 1
2023-04-17 18:22:02,543 [main] INFO  org.apache.pig.backend.hadoop.executionengine.mapReduceLayer.JobControlCompiler - This job cannot be converted run in-process
2023-04-17 18:22:02,985 [main] INFO  org.apache.pig.backend.hadoop.executionengine.mapReduceLayer.JobControlCompiler - Added jar file:/expanse/lustre/projects/uot187/fegaras/pig-0.17.0/pig-0.17.0-core-h2.jar to DistributedCache through /tmp/temp-153277858/tmp-420073871/pig-0.17.0-core-h2.jar
2023-04-17 18:22:03,398 [main] INFO  org.apache.pig.backend.hadoop.executionengine.mapReduceLayer.JobControlCompiler - Added jar file:/expanse/lustre/projects/uot187/fegaras/pig-0.17.0/lib/automaton-1.11-8.jar to DistributedCache through /tmp/temp-153277858/tmp-1108567876/automaton-1.11-8.jar
2023-04-17 18:22:03,810 [main] INFO  org.apache.pig.backend.hadoop.executionengine.mapReduceLayer.JobControlCompiler - Added jar file:/expanse/lustre/projects/uot187/fegaras/pig-0.17.0/lib/antlr-runtime-3.4.jar to DistributedCache through /tmp/temp-153277858/tmp-554432490/antlr-runtime-3.4.jar
2023-04-17 18:22:03,821 [main] INFO  org.apache.pig.backend.hadoop.executionengine.mapReduceLayer.JobControlCompiler - Added jar file:/expanse/lustre/projects/uot187/fegaras/pig-0.17.0/lib/joda-time-2.9.3.jar to DistributedCache through /tmp/temp-153277858/tmp-1851410552/joda-time-2.9.3.jar
2023-04-17 18:22:03,823 [main] INFO  org.apache.pig.backend.hadoop.executionengine.mapReduceLayer.JobControlCompiler - Setting up single store job
2023-04-17 18:22:03,824 [main] INFO  org.apache.pig.data.SchemaTupleFrontend - Key [pig.schematuple] is false, will not generate code.
2023-04-17 18:22:03,824 [main] INFO  org.apache.pig.data.SchemaTupleFrontend - Starting process to move generated code to distributed cacche
2023-04-17 18:22:03,824 [main] INFO  org.apache.pig.data.SchemaTupleFrontend - Setting key [pig.schematuple.classes] with classes to deserialize []
2023-04-17 18:22:03,841 [main] INFO  org.apache.pig.backend.hadoop.executionengine.mapReduceLayer.MapReduceLauncher - 1 map-reduce job(s) waiting for submission.
2023-04-17 18:22:03,844 [JobControl] INFO  org.apache.hadoop.yarn.client.RMProxy - Connecting to ResourceManager at exp-1-22/198.202.103.233:8032
2023-04-17 18:22:03,851 [JobControl] INFO  org.apache.hadoop.conf.Configuration.deprecation - yarn.resourcemanager.system-metrics-publisher.enabled is deprecated. Instead, use yarn.system-metrics-publisher.enabled
2023-04-17 18:22:03,858 [JobControl] INFO  org.apache.hadoop.mapreduce.JobResourceUploader - Disabling Erasure Coding for path: /tmp/hadoop-yarn/staging/ksavaliya/.staging/job_1681780864048_0002
2023-04-17 18:22:03,859 [JobControl] WARN  org.apache.hadoop.mapreduce.JobResourceUploader - No job jar file set.  User classes may not be found. See Job or Job#setJar(String).
2023-04-17 18:22:03,871 [JobControl] INFO  org.apache.hadoop.mapreduce.lib.input.FileInputFormat - Total input files to process : 1
2023-04-17 18:22:03,872 [JobControl] INFO  org.apache.pig.backend.hadoop.executionengine.util.MapRedUtil - Total input paths to process : 1
2023-04-17 18:22:03,873 [JobControl] INFO  org.apache.pig.backend.hadoop.executionengine.util.MapRedUtil - Total input paths (combined) to process : 1
2023-04-17 18:22:04,694 [JobControl] INFO  org.apache.hadoop.mapreduce.JobSubmitter - number of splits:1
2023-04-17 18:22:05,125 [JobControl] INFO  org.apache.hadoop.mapreduce.JobSubmitter - Submitting tokens for job: job_1681780864048_0002
2023-04-17 18:22:05,125 [JobControl] INFO  org.apache.hadoop.mapreduce.JobSubmitter - Executing with tokens: []
2023-04-17 18:22:05,128 [JobControl] INFO  org.apache.hadoop.mapred.YARNRunner - Job jar is not present. Not adding any jar to the list of resources.
2023-04-17 18:22:05,348 [JobControl] INFO  org.apache.hadoop.yarn.client.api.impl.YarnClientImpl - Submitted application application_1681780864048_0002
2023-04-17 18:22:05,351 [JobControl] INFO  org.apache.hadoop.mapreduce.Job - The url to track the job: http://exp-1-22:8088/proxy/application_1681780864048_0002/
2023-04-17 18:22:05,351 [main] INFO  org.apache.pig.backend.hadoop.executionengine.mapReduceLayer.MapReduceLauncher - HadoopJobId: job_1681780864048_0002
2023-04-17 18:22:05,351 [main] INFO  org.apache.pig.backend.hadoop.executionengine.mapReduceLayer.MapReduceLauncher - Processing aliases final_cnt,g_cnt
2023-04-17 18:22:05,351 [main] INFO  org.apache.pig.backend.hadoop.executionengine.mapReduceLayer.MapReduceLauncher - detailed locations: M: final_cnt[5,12],g_cnt[4,8] C: final_cnt[5,12],g_cnt[4,8] R: final_cnt[5,12]
2023-04-17 18:22:14,895 [main] INFO  org.apache.pig.backend.hadoop.executionengine.mapReduceLayer.MapReduceLauncher - 75% complete
2023-04-17 18:22:14,896 [main] INFO  org.apache.pig.backend.hadoop.executionengine.mapReduceLayer.MapReduceLauncher - Running jobs are [job_1681780864048_0002]
2023-04-17 18:22:19,399 [main] INFO  org.apache.pig.backend.hadoop.executionengine.mapReduceLayer.MapReduceLauncher - Running jobs are [job_1681780864048_0002]
2023-04-17 18:22:20,404 [main] INFO  org.apache.hadoop.yarn.client.RMProxy - Connecting to ResourceManager at exp-1-22/198.202.103.233:8032
2023-04-17 18:22:20,409 [main] INFO  org.apache.hadoop.mapred.ClientServiceDelegate - Application state is completed. FinalApplicationStatus=SUCCEEDED. Redirecting to job history server
2023-04-17 18:22:20,464 [main] INFO  org.apache.hadoop.yarn.client.RMProxy - Connecting to ResourceManager at exp-1-22/198.202.103.233:8032
2023-04-17 18:22:20,468 [main] INFO  org.apache.hadoop.mapred.ClientServiceDelegate - Application state is completed. FinalApplicationStatus=SUCCEEDED. Redirecting to job history server
2023-04-17 18:22:20,494 [main] INFO  org.apache.hadoop.yarn.client.RMProxy - Connecting to ResourceManager at exp-1-22/198.202.103.233:8032
2023-04-17 18:22:20,498 [main] INFO  org.apache.hadoop.mapred.ClientServiceDelegate - Application state is completed. FinalApplicationStatus=SUCCEEDED. Redirecting to job history server
2023-04-17 18:22:20,519 [main] INFO  org.apache.pig.backend.hadoop.executionengine.mapReduceLayer.MapReduceLauncher - 100% complete
2023-04-17 18:22:20,532 [main] INFO  org.apache.pig.tools.pigstats.mapreduce.SimplePigStats - Script Statistics: 

HadoopVersion	PigVersion	UserId	StartedAt	FinishedAt	Features
3.2.2	0.17.0	ksavaliya	2023-04-17 18:21:15	2023-04-17 18:22:20	GROUP_BY

Success!

Job Stats (time in seconds):
JobId	Maps	Reduces	MaxMapTime	MinMapTime	AvgMapTime	MedianMapTime	MaxReduceTime	MinReduceTime	AvgReduceTime	MedianReducetime	Alias	Feature	Outputs
job_1681780864048_0001	1	1	28	28	28	28	2	2	2	2	graph_input,n_neighbors,neighbors	GROUP_BY,COMBINER	
job_1681780864048_0002	1	1	2	2	2	2	1	1	1	1	final_cnt,g_cnt	GROUP_BY,COMBINER	/user/ksavaliya/output,

Input(s):
Successfully read 10000000 records (140792233 bytes) from: "/user/ksavaliya/large-graph.txt"

Output(s):
Successfully stored 291 records (2017 bytes) in: "/user/ksavaliya/output"

Counters:
Total records written : 291
Total bytes written : 2017
Spillable Memory Manager spill count : 0
Total bags proactively spilled: 0
Total records proactively spilled: 0

Job DAG:
job_1681780864048_0001	->	job_1681780864048_0002,
job_1681780864048_0002


2023-04-17 18:22:20,534 [main] INFO  org.apache.hadoop.yarn.client.RMProxy - Connecting to ResourceManager at exp-1-22/198.202.103.233:8032
2023-04-17 18:22:20,537 [main] INFO  org.apache.hadoop.mapred.ClientServiceDelegate - Application state is completed. FinalApplicationStatus=SUCCEEDED. Redirecting to job history server
2023-04-17 18:22:20,554 [main] INFO  org.apache.hadoop.yarn.client.RMProxy - Connecting to ResourceManager at exp-1-22/198.202.103.233:8032
2023-04-17 18:22:20,556 [main] INFO  org.apache.hadoop.mapred.ClientServiceDelegate - Application state is completed. FinalApplicationStatus=SUCCEEDED. Redirecting to job history server
2023-04-17 18:22:20,571 [main] INFO  org.apache.hadoop.yarn.client.RMProxy - Connecting to ResourceManager at exp-1-22/198.202.103.233:8032
2023-04-17 18:22:20,573 [main] INFO  org.apache.hadoop.mapred.ClientServiceDelegate - Application state is completed. FinalApplicationStatus=SUCCEEDED. Redirecting to job history server
2023-04-17 18:22:20,591 [main] INFO  org.apache.hadoop.yarn.client.RMProxy - Connecting to ResourceManager at exp-1-22/198.202.103.233:8032
2023-04-17 18:22:20,593 [main] INFO  org.apache.hadoop.mapred.ClientServiceDelegate - Application state is completed. FinalApplicationStatus=SUCCEEDED. Redirecting to job history server
2023-04-17 18:22:20,607 [main] INFO  org.apache.hadoop.yarn.client.RMProxy - Connecting to ResourceManager at exp-1-22/198.202.103.233:8032
2023-04-17 18:22:20,610 [main] INFO  org.apache.hadoop.mapred.ClientServiceDelegate - Application state is completed. FinalApplicationStatus=SUCCEEDED. Redirecting to job history server
2023-04-17 18:22:20,624 [main] INFO  org.apache.hadoop.yarn.client.RMProxy - Connecting to ResourceManager at exp-1-22/198.202.103.233:8032
2023-04-17 18:22:20,627 [main] INFO  org.apache.hadoop.mapred.ClientServiceDelegate - Application state is completed. FinalApplicationStatus=SUCCEEDED. Redirecting to job history server
2023-04-17 18:22:20,642 [main] INFO  org.apache.pig.backend.hadoop.executionengine.mapReduceLayer.MapReduceLauncher - Success!
2023-04-17 18:22:20,658 [main] INFO  org.apache.pig.Main - Pig script completed in 1 minute, 6 seconds and 640 milliseconds (66640 ms)
WARNING: YARN_LOG_DIR has been replaced by HADOOP_LOG_DIR. Using value of YARN_LOG_DIR.
WARNING: YARN_PID_DIR has been replaced by HADOOP_PID_DIR. Using value of YARN_PID_DIR.
WARNING: Use of this script to stop the MR JobHistory daemon is deprecated.
WARNING: Attempting to execute replacement "mapred --daemon stop" instead.
WARNING: HADOOP_MAPRED_LOG_DIR has been replaced by HADOOP_LOG_DIR. Using value of HADOOP_MAPRED_LOG_DIR.
WARNING: YARN_LOG_DIR has been replaced by HADOOP_LOG_DIR. Using value of YARN_LOG_DIR.
WARNING: YARN_PID_DIR has been replaced by HADOOP_PID_DIR. Using value of YARN_PID_DIR.
Stopping nodemanagers
WARNING: YARN_LOG_DIR has been replaced by HADOOP_LOG_DIR. Using value of YARN_LOG_DIR.
WARNING: YARN_PID_DIR has been replaced by HADOOP_PID_DIR. Using value of YARN_PID_DIR.
localhost: @@@@@@@@@@@@@@@@@@@@@@@@@@@@@@@@@@@@@@@@@@@@@@@@@@@@@@@@@@@
localhost: @    WARNING: REMOTE HOST IDENTIFICATION HAS CHANGED!     @
localhost: @@@@@@@@@@@@@@@@@@@@@@@@@@@@@@@@@@@@@@@@@@@@@@@@@@@@@@@@@@@
localhost: IT IS POSSIBLE THAT SOMEONE IS DOING SOMETHING NASTY!
localhost: Someone could be eavesdropping on you right now (man-in-the-middle attack)!
localhost: It is also possible that a host key has just been changed.
localhost: The fingerprint for the ED25519 key sent by the remote host is
localhost: SHA256:mXHznq++zx4TIUcFfAKE8yvRnLoFOR+0alygY+ufFGw.
localhost: Please contact your system administrator.
localhost: Add correct host key in /home/ksavaliya/.ssh/known_hosts to get rid of this message.
localhost: Offending ED25519 key in /home/ksavaliya/.ssh/known_hosts:1
localhost: Password authentication is disabled to avoid man-in-the-middle attacks.
localhost: Keyboard-interactive authentication is disabled to avoid man-in-the-middle attacks.
localhost: WARNING: YARN_LOG_DIR has been replaced by HADOOP_LOG_DIR. Using value of YARN_LOG_DIR.
localhost: WARNING: YARN_PID_DIR has been replaced by HADOOP_PID_DIR. Using value of YARN_PID_DIR.
localhost: WARNING: nodemanager did not stop gracefully after 5 seconds: Trying to kill with kill -9
Stopping resourcemanager
WARNING: YARN_LOG_DIR has been replaced by HADOOP_LOG_DIR. Using value of YARN_LOG_DIR.
WARNING: YARN_PID_DIR has been replaced by HADOOP_PID_DIR. Using value of YARN_PID_DIR.
Stopping namenodes on [exp-1-22]
Stopping datanodes
WARNING: HADOOP_SECURE_DN_PID_DIR has been replaced by HADOOP_SECURE_PID_DIR. Using value of HADOOP_SECURE_DN_PID_DIR.
localhost: @@@@@@@@@@@@@@@@@@@@@@@@@@@@@@@@@@@@@@@@@@@@@@@@@@@@@@@@@@@
localhost: @    WARNING: REMOTE HOST IDENTIFICATION HAS CHANGED!     @
localhost: @@@@@@@@@@@@@@@@@@@@@@@@@@@@@@@@@@@@@@@@@@@@@@@@@@@@@@@@@@@
localhost: IT IS POSSIBLE THAT SOMEONE IS DOING SOMETHING NASTY!
localhost: Someone could be eavesdropping on you right now (man-in-the-middle attack)!
localhost: It is also possible that a host key has just been changed.
localhost: The fingerprint for the ED25519 key sent by the remote host is
localhost: SHA256:mXHznq++zx4TIUcFfAKE8yvRnLoFOR+0alygY+ufFGw.
localhost: Please contact your system administrator.
localhost: Add correct host key in /home/ksavaliya/.ssh/known_hosts to get rid of this message.
localhost: Offending ED25519 key in /home/ksavaliya/.ssh/known_hosts:1
localhost: Password authentication is disabled to avoid man-in-the-middle attacks.
localhost: Keyboard-interactive authentication is disabled to avoid man-in-the-middle attacks.
localhost: WARNING: HADOOP_SECURE_DN_PID_DIR has been replaced by HADOOP_SECURE_PID_DIR. Using value of HADOOP_SECURE_DN_PID_DIR.
Stopping secondary namenodes [exp-1-22]
Copying Hadoop logs back to /home/ksavaliya/expansecluster/logs...
'/scratch/ksavaliya/job_21739421/logs' -> '/home/ksavaliya/expansecluster/logs'
'/scratch/ksavaliya/job_21739421/logs/hadoop-ksavaliya-namenode-exp-1-22.out' -> '/home/ksavaliya/expansecluster/logs/hadoop-ksavaliya-namenode-exp-1-22.out'
'/scratch/ksavaliya/job_21739421/logs/SecurityAuth-ksavaliya.audit' -> '/home/ksavaliya/expansecluster/logs/SecurityAuth-ksavaliya.audit'
'/scratch/ksavaliya/job_21739421/logs/hadoop-ksavaliya-datanode-exp-1-22.out' -> '/home/ksavaliya/expansecluster/logs/hadoop-ksavaliya-datanode-exp-1-22.out'
'/scratch/ksavaliya/job_21739421/logs/hadoop-ksavaliya-namenode-exp-1-22.log' -> '/home/ksavaliya/expansecluster/logs/hadoop-ksavaliya-namenode-exp-1-22.log'
'/scratch/ksavaliya/job_21739421/logs/hadoop-ksavaliya-datanode-exp-1-22.log' -> '/home/ksavaliya/expansecluster/logs/hadoop-ksavaliya-datanode-exp-1-22.log'
'/scratch/ksavaliya/job_21739421/logs/hadoop-ksavaliya-secondarynamenode-exp-1-22.out' -> '/home/ksavaliya/expansecluster/logs/hadoop-ksavaliya-secondarynamenode-exp-1-22.out'
'/scratch/ksavaliya/job_21739421/logs/hadoop-ksavaliya-secondarynamenode-exp-1-22.log' -> '/home/ksavaliya/expansecluster/logs/hadoop-ksavaliya-secondarynamenode-exp-1-22.log'
'/scratch/ksavaliya/job_21739421/logs/hadoop-ksavaliya-resourcemanager-exp-1-22.out' -> '/home/ksavaliya/expansecluster/logs/hadoop-ksavaliya-resourcemanager-exp-1-22.out'
'/scratch/ksavaliya/job_21739421/logs/hadoop-ksavaliya-resourcemanager-exp-1-22.log' -> '/home/ksavaliya/expansecluster/logs/hadoop-ksavaliya-resourcemanager-exp-1-22.log'
'/scratch/ksavaliya/job_21739421/logs/hadoop-ksavaliya-nodemanager-exp-1-22.out' -> '/home/ksavaliya/expansecluster/logs/hadoop-ksavaliya-nodemanager-exp-1-22.out'
'/scratch/ksavaliya/job_21739421/logs/hadoop-ksavaliya-nodemanager-exp-1-22.log' -> '/home/ksavaliya/expansecluster/logs/hadoop-ksavaliya-nodemanager-exp-1-22.log'
'/scratch/ksavaliya/job_21739421/logs/userlogs' -> '/home/ksavaliya/expansecluster/logs/userlogs'
'/scratch/ksavaliya/job_21739421/logs/userlogs/application_1681780864048_0001' -> '/home/ksavaliya/expansecluster/logs/userlogs/application_1681780864048_0001'
'/scratch/ksavaliya/job_21739421/logs/userlogs/application_1681780864048_0001/container_1681780864048_0001_01_000001' -> '/home/ksavaliya/expansecluster/logs/userlogs/application_1681780864048_0001/container_1681780864048_0001_01_000001'
'/scratch/ksavaliya/job_21739421/logs/userlogs/application_1681780864048_0001/container_1681780864048_0001_01_000001/prelaunch.out' -> '/home/ksavaliya/expansecluster/logs/userlogs/application_1681780864048_0001/container_1681780864048_0001_01_000001/prelaunch.out'
'/scratch/ksavaliya/job_21739421/logs/userlogs/application_1681780864048_0001/container_1681780864048_0001_01_000001/prelaunch.err' -> '/home/ksavaliya/expansecluster/logs/userlogs/application_1681780864048_0001/container_1681780864048_0001_01_000001/prelaunch.err'
'/scratch/ksavaliya/job_21739421/logs/userlogs/application_1681780864048_0001/container_1681780864048_0001_01_000001/launch_container.sh' -> '/home/ksavaliya/expansecluster/logs/userlogs/application_1681780864048_0001/container_1681780864048_0001_01_000001/launch_container.sh'
'/scratch/ksavaliya/job_21739421/logs/userlogs/application_1681780864048_0001/container_1681780864048_0001_01_000001/directory.info' -> '/home/ksavaliya/expansecluster/logs/userlogs/application_1681780864048_0001/container_1681780864048_0001_01_000001/directory.info'
'/scratch/ksavaliya/job_21739421/logs/userlogs/application_1681780864048_0001/container_1681780864048_0001_01_000001/stdout' -> '/home/ksavaliya/expansecluster/logs/userlogs/application_1681780864048_0001/container_1681780864048_0001_01_000001/stdout'
'/scratch/ksavaliya/job_21739421/logs/userlogs/application_1681780864048_0001/container_1681780864048_0001_01_000001/stderr' -> '/home/ksavaliya/expansecluster/logs/userlogs/application_1681780864048_0001/container_1681780864048_0001_01_000001/stderr'
'/scratch/ksavaliya/job_21739421/logs/userlogs/application_1681780864048_0001/container_1681780864048_0001_01_000001/syslog' -> '/home/ksavaliya/expansecluster/logs/userlogs/application_1681780864048_0001/container_1681780864048_0001_01_000001/syslog'
'/scratch/ksavaliya/job_21739421/logs/userlogs/application_1681780864048_0001/container_1681780864048_0001_01_000002' -> '/home/ksavaliya/expansecluster/logs/userlogs/application_1681780864048_0001/container_1681780864048_0001_01_000002'
'/scratch/ksavaliya/job_21739421/logs/userlogs/application_1681780864048_0001/container_1681780864048_0001_01_000002/prelaunch.out' -> '/home/ksavaliya/expansecluster/logs/userlogs/application_1681780864048_0001/container_1681780864048_0001_01_000002/prelaunch.out'
'/scratch/ksavaliya/job_21739421/logs/userlogs/application_1681780864048_0001/container_1681780864048_0001_01_000002/prelaunch.err' -> '/home/ksavaliya/expansecluster/logs/userlogs/application_1681780864048_0001/container_1681780864048_0001_01_000002/prelaunch.err'
'/scratch/ksavaliya/job_21739421/logs/userlogs/application_1681780864048_0001/container_1681780864048_0001_01_000002/launch_container.sh' -> '/home/ksavaliya/expansecluster/logs/userlogs/application_1681780864048_0001/container_1681780864048_0001_01_000002/launch_container.sh'
'/scratch/ksavaliya/job_21739421/logs/userlogs/application_1681780864048_0001/container_1681780864048_0001_01_000002/directory.info' -> '/home/ksavaliya/expansecluster/logs/userlogs/application_1681780864048_0001/container_1681780864048_0001_01_000002/directory.info'
'/scratch/ksavaliya/job_21739421/logs/userlogs/application_1681780864048_0001/container_1681780864048_0001_01_000002/stdout' -> '/home/ksavaliya/expansecluster/logs/userlogs/application_1681780864048_0001/container_1681780864048_0001_01_000002/stdout'
'/scratch/ksavaliya/job_21739421/logs/userlogs/application_1681780864048_0001/container_1681780864048_0001_01_000002/stderr' -> '/home/ksavaliya/expansecluster/logs/userlogs/application_1681780864048_0001/container_1681780864048_0001_01_000002/stderr'
'/scratch/ksavaliya/job_21739421/logs/userlogs/application_1681780864048_0001/container_1681780864048_0001_01_000002/syslog' -> '/home/ksavaliya/expansecluster/logs/userlogs/application_1681780864048_0001/container_1681780864048_0001_01_000002/syslog'
'/scratch/ksavaliya/job_21739421/logs/userlogs/application_1681780864048_0001/container_1681780864048_0001_01_000003' -> '/home/ksavaliya/expansecluster/logs/userlogs/application_1681780864048_0001/container_1681780864048_0001_01_000003'
'/scratch/ksavaliya/job_21739421/logs/userlogs/application_1681780864048_0001/container_1681780864048_0001_01_000003/prelaunch.out' -> '/home/ksavaliya/expansecluster/logs/userlogs/application_1681780864048_0001/container_1681780864048_0001_01_000003/prelaunch.out'
'/scratch/ksavaliya/job_21739421/logs/userlogs/application_1681780864048_0001/container_1681780864048_0001_01_000003/prelaunch.err' -> '/home/ksavaliya/expansecluster/logs/userlogs/application_1681780864048_0001/container_1681780864048_0001_01_000003/prelaunch.err'
'/scratch/ksavaliya/job_21739421/logs/userlogs/application_1681780864048_0001/container_1681780864048_0001_01_000003/launch_container.sh' -> '/home/ksavaliya/expansecluster/logs/userlogs/application_1681780864048_0001/container_1681780864048_0001_01_000003/launch_container.sh'
'/scratch/ksavaliya/job_21739421/logs/userlogs/application_1681780864048_0001/container_1681780864048_0001_01_000003/directory.info' -> '/home/ksavaliya/expansecluster/logs/userlogs/application_1681780864048_0001/container_1681780864048_0001_01_000003/directory.info'
'/scratch/ksavaliya/job_21739421/logs/userlogs/application_1681780864048_0001/container_1681780864048_0001_01_000003/stdout' -> '/home/ksavaliya/expansecluster/logs/userlogs/application_1681780864048_0001/container_1681780864048_0001_01_000003/stdout'
'/scratch/ksavaliya/job_21739421/logs/userlogs/application_1681780864048_0001/container_1681780864048_0001_01_000003/stderr' -> '/home/ksavaliya/expansecluster/logs/userlogs/application_1681780864048_0001/container_1681780864048_0001_01_000003/stderr'
'/scratch/ksavaliya/job_21739421/logs/userlogs/application_1681780864048_0001/container_1681780864048_0001_01_000003/syslog' -> '/home/ksavaliya/expansecluster/logs/userlogs/application_1681780864048_0001/container_1681780864048_0001_01_000003/syslog'
'/scratch/ksavaliya/job_21739421/logs/userlogs/application_1681780864048_0001/container_1681780864048_0001_01_000003/syslog.shuffle' -> '/home/ksavaliya/expansecluster/logs/userlogs/application_1681780864048_0001/container_1681780864048_0001_01_000003/syslog.shuffle'
'/scratch/ksavaliya/job_21739421/logs/userlogs/application_1681780864048_0002' -> '/home/ksavaliya/expansecluster/logs/userlogs/application_1681780864048_0002'
'/scratch/ksavaliya/job_21739421/logs/userlogs/application_1681780864048_0002/container_1681780864048_0002_01_000001' -> '/home/ksavaliya/expansecluster/logs/userlogs/application_1681780864048_0002/container_1681780864048_0002_01_000001'
'/scratch/ksavaliya/job_21739421/logs/userlogs/application_1681780864048_0002/container_1681780864048_0002_01_000001/prelaunch.out' -> '/home/ksavaliya/expansecluster/logs/userlogs/application_1681780864048_0002/container_1681780864048_0002_01_000001/prelaunch.out'
'/scratch/ksavaliya/job_21739421/logs/userlogs/application_1681780864048_0002/container_1681780864048_0002_01_000001/prelaunch.err' -> '/home/ksavaliya/expansecluster/logs/userlogs/application_1681780864048_0002/container_1681780864048_0002_01_000001/prelaunch.err'
'/scratch/ksavaliya/job_21739421/logs/userlogs/application_1681780864048_0002/container_1681780864048_0002_01_000001/launch_container.sh' -> '/home/ksavaliya/expansecluster/logs/userlogs/application_1681780864048_0002/container_1681780864048_0002_01_000001/launch_container.sh'
'/scratch/ksavaliya/job_21739421/logs/userlogs/application_1681780864048_0002/container_1681780864048_0002_01_000001/directory.info' -> '/home/ksavaliya/expansecluster/logs/userlogs/application_1681780864048_0002/container_1681780864048_0002_01_000001/directory.info'
'/scratch/ksavaliya/job_21739421/logs/userlogs/application_1681780864048_0002/container_1681780864048_0002_01_000001/stdout' -> '/home/ksavaliya/expansecluster/logs/userlogs/application_1681780864048_0002/container_1681780864048_0002_01_000001/stdout'
'/scratch/ksavaliya/job_21739421/logs/userlogs/application_1681780864048_0002/container_1681780864048_0002_01_000001/stderr' -> '/home/ksavaliya/expansecluster/logs/userlogs/application_1681780864048_0002/container_1681780864048_0002_01_000001/stderr'
'/scratch/ksavaliya/job_21739421/logs/userlogs/application_1681780864048_0002/container_1681780864048_0002_01_000001/syslog' -> '/home/ksavaliya/expansecluster/logs/userlogs/application_1681780864048_0002/container_1681780864048_0002_01_000001/syslog'
'/scratch/ksavaliya/job_21739421/logs/userlogs/application_1681780864048_0002/container_1681780864048_0002_01_000002' -> '/home/ksavaliya/expansecluster/logs/userlogs/application_1681780864048_0002/container_1681780864048_0002_01_000002'
'/scratch/ksavaliya/job_21739421/logs/userlogs/application_1681780864048_0002/container_1681780864048_0002_01_000002/prelaunch.out' -> '/home/ksavaliya/expansecluster/logs/userlogs/application_1681780864048_0002/container_1681780864048_0002_01_000002/prelaunch.out'
'/scratch/ksavaliya/job_21739421/logs/userlogs/application_1681780864048_0002/container_1681780864048_0002_01_000002/prelaunch.err' -> '/home/ksavaliya/expansecluster/logs/userlogs/application_1681780864048_0002/container_1681780864048_0002_01_000002/prelaunch.err'
'/scratch/ksavaliya/job_21739421/logs/userlogs/application_1681780864048_0002/container_1681780864048_0002_01_000002/launch_container.sh' -> '/home/ksavaliya/expansecluster/logs/userlogs/application_1681780864048_0002/container_1681780864048_0002_01_000002/launch_container.sh'
'/scratch/ksavaliya/job_21739421/logs/userlogs/application_1681780864048_0002/container_1681780864048_0002_01_000002/directory.info' -> '/home/ksavaliya/expansecluster/logs/userlogs/application_1681780864048_0002/container_1681780864048_0002_01_000002/directory.info'
'/scratch/ksavaliya/job_21739421/logs/userlogs/application_1681780864048_0002/container_1681780864048_0002_01_000002/stdout' -> '/home/ksavaliya/expansecluster/logs/userlogs/application_1681780864048_0002/container_1681780864048_0002_01_000002/stdout'
'/scratch/ksavaliya/job_21739421/logs/userlogs/application_1681780864048_0002/container_1681780864048_0002_01_000002/stderr' -> '/home/ksavaliya/expansecluster/logs/userlogs/application_1681780864048_0002/container_1681780864048_0002_01_000002/stderr'
'/scratch/ksavaliya/job_21739421/logs/userlogs/application_1681780864048_0002/container_1681780864048_0002_01_000002/syslog' -> '/home/ksavaliya/expansecluster/logs/userlogs/application_1681780864048_0002/container_1681780864048_0002_01_000002/syslog'
'/scratch/ksavaliya/job_21739421/logs/userlogs/application_1681780864048_0002/container_1681780864048_0002_01_000003' -> '/home/ksavaliya/expansecluster/logs/userlogs/application_1681780864048_0002/container_1681780864048_0002_01_000003'
'/scratch/ksavaliya/job_21739421/logs/userlogs/application_1681780864048_0002/container_1681780864048_0002_01_000003/prelaunch.out' -> '/home/ksavaliya/expansecluster/logs/userlogs/application_1681780864048_0002/container_1681780864048_0002_01_000003/prelaunch.out'
'/scratch/ksavaliya/job_21739421/logs/userlogs/application_1681780864048_0002/container_1681780864048_0002_01_000003/prelaunch.err' -> '/home/ksavaliya/expansecluster/logs/userlogs/application_1681780864048_0002/container_1681780864048_0002_01_000003/prelaunch.err'
'/scratch/ksavaliya/job_21739421/logs/userlogs/application_1681780864048_0002/container_1681780864048_0002_01_000003/launch_container.sh' -> '/home/ksavaliya/expansecluster/logs/userlogs/application_1681780864048_0002/container_1681780864048_0002_01_000003/launch_container.sh'
'/scratch/ksavaliya/job_21739421/logs/userlogs/application_1681780864048_0002/container_1681780864048_0002_01_000003/directory.info' -> '/home/ksavaliya/expansecluster/logs/userlogs/application_1681780864048_0002/container_1681780864048_0002_01_000003/directory.info'
'/scratch/ksavaliya/job_21739421/logs/userlogs/application_1681780864048_0002/container_1681780864048_0002_01_000003/stdout' -> '/home/ksavaliya/expansecluster/logs/userlogs/application_1681780864048_0002/container_1681780864048_0002_01_000003/stdout'
'/scratch/ksavaliya/job_21739421/logs/userlogs/application_1681780864048_0002/container_1681780864048_0002_01_000003/stderr' -> '/home/ksavaliya/expansecluster/logs/userlogs/application_1681780864048_0002/container_1681780864048_0002_01_000003/stderr'
'/scratch/ksavaliya/job_21739421/logs/userlogs/application_1681780864048_0002/container_1681780864048_0002_01_000003/syslog' -> '/home/ksavaliya/expansecluster/logs/userlogs/application_1681780864048_0002/container_1681780864048_0002_01_000003/syslog'
'/scratch/ksavaliya/job_21739421/logs/userlogs/application_1681780864048_0002/container_1681780864048_0002_01_000003/syslog.shuffle' -> '/home/ksavaliya/expansecluster/logs/userlogs/application_1681780864048_0002/container_1681780864048_0002_01_000003/syslog.shuffle'
removed '/scratch/ksavaliya/job_21739421/tmp/dfs/namesecondary/current/fsimage_0000000000000000126.md5'
removed '/scratch/ksavaliya/job_21739421/tmp/dfs/namesecondary/current/fsimage_0000000000000000126'
removed '/scratch/ksavaliya/job_21739421/tmp/dfs/namesecondary/current/fsimage_0000000000000000000'
removed '/scratch/ksavaliya/job_21739421/tmp/dfs/namesecondary/current/VERSION'
removed '/scratch/ksavaliya/job_21739421/tmp/dfs/namesecondary/current/edits_0000000000000000001-0000000000000000126'
removed '/scratch/ksavaliya/job_21739421/tmp/dfs/namesecondary/current/fsimage_0000000000000000000.md5'
removed directory '/scratch/ksavaliya/job_21739421/tmp/dfs/namesecondary/current'
removed directory '/scratch/ksavaliya/job_21739421/tmp/dfs/namesecondary'
removed directory '/scratch/ksavaliya/job_21739421/tmp/dfs'
removed directory '/scratch/ksavaliya/job_21739421/tmp'
removed directory '/scratch/ksavaliya/job_21739421/hdfs_data/current/BP-169228552-198.202.103.233-1681780847571/current/rbw'
removed '/scratch/ksavaliya/job_21739421/hdfs_data/current/BP-169228552-198.202.103.233-1681780847571/current/VERSION'
removed '/scratch/ksavaliya/job_21739421/hdfs_data/current/BP-169228552-198.202.103.233-1681780847571/current/finalized/subdir0/subdir0/blk_1073741839_1015.meta'
removed '/scratch/ksavaliya/job_21739421/hdfs_data/current/BP-169228552-198.202.103.233-1681780847571/current/finalized/subdir0/subdir0/blk_1073741826'
removed '/scratch/ksavaliya/job_21739421/hdfs_data/current/BP-169228552-198.202.103.233-1681780847571/current/finalized/subdir0/subdir0/blk_1073741851_1027.meta'
removed '/scratch/ksavaliya/job_21739421/hdfs_data/current/BP-169228552-198.202.103.233-1681780847571/current/finalized/subdir0/subdir0/blk_1073741849'
removed '/scratch/ksavaliya/job_21739421/hdfs_data/current/BP-169228552-198.202.103.233-1681780847571/current/finalized/subdir0/subdir0/blk_1073741825_1001.meta'
removed '/scratch/ksavaliya/job_21739421/hdfs_data/current/BP-169228552-198.202.103.233-1681780847571/current/finalized/subdir0/subdir0/blk_1073741826_1002.meta'
removed '/scratch/ksavaliya/job_21739421/hdfs_data/current/BP-169228552-198.202.103.233-1681780847571/current/finalized/subdir0/subdir0/blk_1073741825'
removed '/scratch/ksavaliya/job_21739421/hdfs_data/current/BP-169228552-198.202.103.233-1681780847571/current/finalized/subdir0/subdir0/blk_1073741839'
removed '/scratch/ksavaliya/job_21739421/hdfs_data/current/BP-169228552-198.202.103.233-1681780847571/current/finalized/subdir0/subdir0/blk_1073741838_1014.meta'
removed '/scratch/ksavaliya/job_21739421/hdfs_data/current/BP-169228552-198.202.103.233-1681780847571/current/finalized/subdir0/subdir0/blk_1073741852_1028.meta'
removed '/scratch/ksavaliya/job_21739421/hdfs_data/current/BP-169228552-198.202.103.233-1681780847571/current/finalized/subdir0/subdir0/blk_1073741852'
removed '/scratch/ksavaliya/job_21739421/hdfs_data/current/BP-169228552-198.202.103.233-1681780847571/current/finalized/subdir0/subdir0/blk_1073741849_1025.meta'
removed '/scratch/ksavaliya/job_21739421/hdfs_data/current/BP-169228552-198.202.103.233-1681780847571/current/finalized/subdir0/subdir0/blk_1073741851'
removed '/scratch/ksavaliya/job_21739421/hdfs_data/current/BP-169228552-198.202.103.233-1681780847571/current/finalized/subdir0/subdir0/blk_1073741838'
removed directory '/scratch/ksavaliya/job_21739421/hdfs_data/current/BP-169228552-198.202.103.233-1681780847571/current/finalized/subdir0/subdir0'
removed directory '/scratch/ksavaliya/job_21739421/hdfs_data/current/BP-169228552-198.202.103.233-1681780847571/current/finalized/subdir0'
removed directory '/scratch/ksavaliya/job_21739421/hdfs_data/current/BP-169228552-198.202.103.233-1681780847571/current/finalized'
removed '/scratch/ksavaliya/job_21739421/hdfs_data/current/BP-169228552-198.202.103.233-1681780847571/current/dfsUsed'
removed directory '/scratch/ksavaliya/job_21739421/hdfs_data/current/BP-169228552-198.202.103.233-1681780847571/current'
removed '/scratch/ksavaliya/job_21739421/hdfs_data/current/BP-169228552-198.202.103.233-1681780847571/scanner.cursor'
removed directory '/scratch/ksavaliya/job_21739421/hdfs_data/current/BP-169228552-198.202.103.233-1681780847571/tmp'
removed directory '/scratch/ksavaliya/job_21739421/hdfs_data/current/BP-169228552-198.202.103.233-1681780847571'
removed '/scratch/ksavaliya/job_21739421/hdfs_data/current/VERSION'
removed directory '/scratch/ksavaliya/job_21739421/hdfs_data/current'
removed directory '/scratch/ksavaliya/job_21739421/hdfs_data'
removed '/scratch/ksavaliya/job_21739421/logs/hadoop-ksavaliya-datanode-exp-1-22.out'
removed '/scratch/ksavaliya/job_21739421/logs/hadoop-ksavaliya-resourcemanager-exp-1-22.out'
removed '/scratch/ksavaliya/job_21739421/logs/hadoop-ksavaliya-secondarynamenode-exp-1-22.log'
removed '/scratch/ksavaliya/job_21739421/logs/hadoop-ksavaliya-namenode-exp-1-22.log'
removed '/scratch/ksavaliya/job_21739421/logs/hadoop-ksavaliya-namenode-exp-1-22.out'
removed '/scratch/ksavaliya/job_21739421/logs/hadoop-ksavaliya-secondarynamenode-exp-1-22.out'
removed '/scratch/ksavaliya/job_21739421/logs/hadoop-ksavaliya-nodemanager-exp-1-22.log'
removed '/scratch/ksavaliya/job_21739421/logs/hadoop-ksavaliya-nodemanager-exp-1-22.out'
removed '/scratch/ksavaliya/job_21739421/logs/hadoop-ksavaliya-datanode-exp-1-22.log'
removed '/scratch/ksavaliya/job_21739421/logs/SecurityAuth-ksavaliya.audit'
removed '/scratch/ksavaliya/job_21739421/logs/hadoop-ksavaliya-resourcemanager-exp-1-22.log'
removed '/scratch/ksavaliya/job_21739421/logs/userlogs/application_1681780864048_0001/container_1681780864048_0001_01_000001/stdout'
removed '/scratch/ksavaliya/job_21739421/logs/userlogs/application_1681780864048_0001/container_1681780864048_0001_01_000001/prelaunch.err'
removed '/scratch/ksavaliya/job_21739421/logs/userlogs/application_1681780864048_0001/container_1681780864048_0001_01_000001/prelaunch.out'
removed '/scratch/ksavaliya/job_21739421/logs/userlogs/application_1681780864048_0001/container_1681780864048_0001_01_000001/syslog'
removed '/scratch/ksavaliya/job_21739421/logs/userlogs/application_1681780864048_0001/container_1681780864048_0001_01_000001/launch_container.sh'
removed '/scratch/ksavaliya/job_21739421/logs/userlogs/application_1681780864048_0001/container_1681780864048_0001_01_000001/stderr'
removed '/scratch/ksavaliya/job_21739421/logs/userlogs/application_1681780864048_0001/container_1681780864048_0001_01_000001/directory.info'
removed directory '/scratch/ksavaliya/job_21739421/logs/userlogs/application_1681780864048_0001/container_1681780864048_0001_01_000001'
removed '/scratch/ksavaliya/job_21739421/logs/userlogs/application_1681780864048_0001/container_1681780864048_0001_01_000002/stdout'
removed '/scratch/ksavaliya/job_21739421/logs/userlogs/application_1681780864048_0001/container_1681780864048_0001_01_000002/prelaunch.err'
removed '/scratch/ksavaliya/job_21739421/logs/userlogs/application_1681780864048_0001/container_1681780864048_0001_01_000002/prelaunch.out'
removed '/scratch/ksavaliya/job_21739421/logs/userlogs/application_1681780864048_0001/container_1681780864048_0001_01_000002/syslog'
removed '/scratch/ksavaliya/job_21739421/logs/userlogs/application_1681780864048_0001/container_1681780864048_0001_01_000002/launch_container.sh'
removed '/scratch/ksavaliya/job_21739421/logs/userlogs/application_1681780864048_0001/container_1681780864048_0001_01_000002/stderr'
removed '/scratch/ksavaliya/job_21739421/logs/userlogs/application_1681780864048_0001/container_1681780864048_0001_01_000002/directory.info'
removed directory '/scratch/ksavaliya/job_21739421/logs/userlogs/application_1681780864048_0001/container_1681780864048_0001_01_000002'
removed '/scratch/ksavaliya/job_21739421/logs/userlogs/application_1681780864048_0001/container_1681780864048_0001_01_000003/stdout'
removed '/scratch/ksavaliya/job_21739421/logs/userlogs/application_1681780864048_0001/container_1681780864048_0001_01_000003/syslog.shuffle'
removed '/scratch/ksavaliya/job_21739421/logs/userlogs/application_1681780864048_0001/container_1681780864048_0001_01_000003/prelaunch.err'
removed '/scratch/ksavaliya/job_21739421/logs/userlogs/application_1681780864048_0001/container_1681780864048_0001_01_000003/prelaunch.out'
removed '/scratch/ksavaliya/job_21739421/logs/userlogs/application_1681780864048_0001/container_1681780864048_0001_01_000003/syslog'
removed '/scratch/ksavaliya/job_21739421/logs/userlogs/application_1681780864048_0001/container_1681780864048_0001_01_000003/launch_container.sh'
removed '/scratch/ksavaliya/job_21739421/logs/userlogs/application_1681780864048_0001/container_1681780864048_0001_01_000003/stderr'
removed '/scratch/ksavaliya/job_21739421/logs/userlogs/application_1681780864048_0001/container_1681780864048_0001_01_000003/directory.info'
removed directory '/scratch/ksavaliya/job_21739421/logs/userlogs/application_1681780864048_0001/container_1681780864048_0001_01_000003'
removed directory '/scratch/ksavaliya/job_21739421/logs/userlogs/application_1681780864048_0001'
removed '/scratch/ksavaliya/job_21739421/logs/userlogs/application_1681780864048_0002/container_1681780864048_0002_01_000002/stdout'
removed '/scratch/ksavaliya/job_21739421/logs/userlogs/application_1681780864048_0002/container_1681780864048_0002_01_000002/prelaunch.err'
removed '/scratch/ksavaliya/job_21739421/logs/userlogs/application_1681780864048_0002/container_1681780864048_0002_01_000002/prelaunch.out'
removed '/scratch/ksavaliya/job_21739421/logs/userlogs/application_1681780864048_0002/container_1681780864048_0002_01_000002/syslog'
removed '/scratch/ksavaliya/job_21739421/logs/userlogs/application_1681780864048_0002/container_1681780864048_0002_01_000002/launch_container.sh'
removed '/scratch/ksavaliya/job_21739421/logs/userlogs/application_1681780864048_0002/container_1681780864048_0002_01_000002/stderr'
removed '/scratch/ksavaliya/job_21739421/logs/userlogs/application_1681780864048_0002/container_1681780864048_0002_01_000002/directory.info'
removed directory '/scratch/ksavaliya/job_21739421/logs/userlogs/application_1681780864048_0002/container_1681780864048_0002_01_000002'
removed '/scratch/ksavaliya/job_21739421/logs/userlogs/application_1681780864048_0002/container_1681780864048_0002_01_000003/stdout'
removed '/scratch/ksavaliya/job_21739421/logs/userlogs/application_1681780864048_0002/container_1681780864048_0002_01_000003/syslog.shuffle'
removed '/scratch/ksavaliya/job_21739421/logs/userlogs/application_1681780864048_0002/container_1681780864048_0002_01_000003/prelaunch.err'
removed '/scratch/ksavaliya/job_21739421/logs/userlogs/application_1681780864048_0002/container_1681780864048_0002_01_000003/prelaunch.out'
removed '/scratch/ksavaliya/job_21739421/logs/userlogs/application_1681780864048_0002/container_1681780864048_0002_01_000003/syslog'
removed '/scratch/ksavaliya/job_21739421/logs/userlogs/application_1681780864048_0002/container_1681780864048_0002_01_000003/launch_container.sh'
removed '/scratch/ksavaliya/job_21739421/logs/userlogs/application_1681780864048_0002/container_1681780864048_0002_01_000003/stderr'
removed '/scratch/ksavaliya/job_21739421/logs/userlogs/application_1681780864048_0002/container_1681780864048_0002_01_000003/directory.info'
removed directory '/scratch/ksavaliya/job_21739421/logs/userlogs/application_1681780864048_0002/container_1681780864048_0002_01_000003'
removed '/scratch/ksavaliya/job_21739421/logs/userlogs/application_1681780864048_0002/container_1681780864048_0002_01_000001/stdout'
removed '/scratch/ksavaliya/job_21739421/logs/userlogs/application_1681780864048_0002/container_1681780864048_0002_01_000001/prelaunch.err'
removed '/scratch/ksavaliya/job_21739421/logs/userlogs/application_1681780864048_0002/container_1681780864048_0002_01_000001/prelaunch.out'
removed '/scratch/ksavaliya/job_21739421/logs/userlogs/application_1681780864048_0002/container_1681780864048_0002_01_000001/syslog'
removed '/scratch/ksavaliya/job_21739421/logs/userlogs/application_1681780864048_0002/container_1681780864048_0002_01_000001/launch_container.sh'
removed '/scratch/ksavaliya/job_21739421/logs/userlogs/application_1681780864048_0002/container_1681780864048_0002_01_000001/stderr'
removed '/scratch/ksavaliya/job_21739421/logs/userlogs/application_1681780864048_0002/container_1681780864048_0002_01_000001/directory.info'
removed directory '/scratch/ksavaliya/job_21739421/logs/userlogs/application_1681780864048_0002/container_1681780864048_0002_01_000001'
removed directory '/scratch/ksavaliya/job_21739421/logs/userlogs/application_1681780864048_0002'
removed directory '/scratch/ksavaliya/job_21739421/logs/userlogs'
removed directory '/scratch/ksavaliya/job_21739421/logs'
removed directory '/scratch/ksavaliya/job_21739421/mapred_scratch/filecache'
removed '/scratch/ksavaliya/job_21739421/mapred_scratch/usercache/ksavaliya/filecache/10/.automaton-1.11-8.jar.crc'
removed '/scratch/ksavaliya/job_21739421/mapred_scratch/usercache/ksavaliya/filecache/10/automaton-1.11-8.jar'
removed directory '/scratch/ksavaliya/job_21739421/mapred_scratch/usercache/ksavaliya/filecache/10'
removed '/scratch/ksavaliya/job_21739421/mapred_scratch/usercache/ksavaliya/filecache/12/.pig-0.17.0-core-h2.jar.crc'
removed '/scratch/ksavaliya/job_21739421/mapred_scratch/usercache/ksavaliya/filecache/12/pig-0.17.0-core-h2.jar'
removed directory '/scratch/ksavaliya/job_21739421/mapred_scratch/usercache/ksavaliya/filecache/12'
removed '/scratch/ksavaliya/job_21739421/mapred_scratch/usercache/ksavaliya/filecache/13/antlr-runtime-3.4.jar'
removed '/scratch/ksavaliya/job_21739421/mapred_scratch/usercache/ksavaliya/filecache/13/.antlr-runtime-3.4.jar.crc'
removed directory '/scratch/ksavaliya/job_21739421/mapred_scratch/usercache/ksavaliya/filecache/13'
removed '/scratch/ksavaliya/job_21739421/mapred_scratch/usercache/ksavaliya/filecache/17/antlr-runtime-3.4.jar'
removed '/scratch/ksavaliya/job_21739421/mapred_scratch/usercache/ksavaliya/filecache/17/.antlr-runtime-3.4.jar.crc'
removed directory '/scratch/ksavaliya/job_21739421/mapred_scratch/usercache/ksavaliya/filecache/17'
removed '/scratch/ksavaliya/job_21739421/mapred_scratch/usercache/ksavaliya/filecache/16/.pig-0.17.0-core-h2.jar.crc'
removed '/scratch/ksavaliya/job_21739421/mapred_scratch/usercache/ksavaliya/filecache/16/pig-0.17.0-core-h2.jar'
removed directory '/scratch/ksavaliya/job_21739421/mapred_scratch/usercache/ksavaliya/filecache/16'
removed '/scratch/ksavaliya/job_21739421/mapred_scratch/usercache/ksavaliya/filecache/14/.automaton-1.11-8.jar.crc'
removed '/scratch/ksavaliya/job_21739421/mapred_scratch/usercache/ksavaliya/filecache/14/automaton-1.11-8.jar'
removed directory '/scratch/ksavaliya/job_21739421/mapred_scratch/usercache/ksavaliya/filecache/14'
removed '/scratch/ksavaliya/job_21739421/mapred_scratch/usercache/ksavaliya/filecache/15/.joda-time-2.9.3.jar.crc'
removed '/scratch/ksavaliya/job_21739421/mapred_scratch/usercache/ksavaliya/filecache/15/joda-time-2.9.3.jar'
removed directory '/scratch/ksavaliya/job_21739421/mapred_scratch/usercache/ksavaliya/filecache/15'
removed '/scratch/ksavaliya/job_21739421/mapred_scratch/usercache/ksavaliya/filecache/11/.joda-time-2.9.3.jar.crc'
removed '/scratch/ksavaliya/job_21739421/mapred_scratch/usercache/ksavaliya/filecache/11/joda-time-2.9.3.jar'
removed directory '/scratch/ksavaliya/job_21739421/mapred_scratch/usercache/ksavaliya/filecache/11'
removed directory '/scratch/ksavaliya/job_21739421/mapred_scratch/usercache/ksavaliya/filecache'
removed directory '/scratch/ksavaliya/job_21739421/mapred_scratch/usercache/ksavaliya/appcache'
removed directory '/scratch/ksavaliya/job_21739421/mapred_scratch/usercache/ksavaliya'
removed directory '/scratch/ksavaliya/job_21739421/mapred_scratch/usercache'
removed directory '/scratch/ksavaliya/job_21739421/mapred_scratch/nmPrivate'
removed directory '/scratch/ksavaliya/job_21739421/mapred_scratch'
removed '/scratch/ksavaliya/job_21739421/namenode_data/current/fsimage_0000000000000000000'
removed '/scratch/ksavaliya/job_21739421/namenode_data/current/VERSION'
removed '/scratch/ksavaliya/job_21739421/namenode_data/current/seen_txid'
removed '/scratch/ksavaliya/job_21739421/namenode_data/current/edits_inprogress_0000000000000000127'
removed '/scratch/ksavaliya/job_21739421/namenode_data/current/edits_0000000000000000001-0000000000000000126'
removed '/scratch/ksavaliya/job_21739421/namenode_data/current/fsimage_0000000000000000000.md5'
removed directory '/scratch/ksavaliya/job_21739421/namenode_data/current'
removed directory '/scratch/ksavaliya/job_21739421/namenode_data'
removed directory '/scratch/ksavaliya/job_21739421/pids'
